Charm++: standalone mode (not using charmrun)
Converse/Charm++ Commit ID: v6.6.1-0-g74a2cc5-namd-charm-6.6.1-build-2015-Mar-15-209687
Warning> Randomization of stack pointer is turned on in kernel, thread migration may not work! Run 'echo 0 > /proc/sys/kernel/randomize_va_space' as root to disable it, or try run with '+isomalloc_sync'.  
CharmLB> Load balancer assumes all CPUs are same.
Charm++> Running on 1 unique compute nodes (12-way SMP).
Charm++> cpu topology info is gathered in 0.001 seconds.
Info: Built with CUDA version 6000
Did not find +devices i,j,k,... argument, using all
Pe 0 physical rank 0 binding to CUDA device 0 on gk0849: 'Tesla C2050'  Mem: 2687MB  Rev: 2.0
Info: NAMD CVS-2015-07-31 for Linux-x86_64-multicore-CUDA
Info: 
Info: Please visit http://www.ks.uiuc.edu/Research/namd/
Info: for updates, documentation, and support information.
Info: 
Info: Please cite Phillips et al., J. Comp. Chem. 26:1781-1802 (2005)
Info: in all publications reporting results obtained with NAMD.
Info: 
Info: Based on Charm++/Converse 60601 for multicore-linux64-iccstatic
Info: Built Fri Jul 31 02:04:57 CDT 2015 by jim on lisboa.ks.uiuc.edu
Info: 1 NAMD  CVS-2015-07-31  Linux-x86_64-multicore-CUDA  1    gk0849  nscc1777_ZA
Info: Running on 1 processors, 1 nodes, 1 physical nodes.
Info: CPU topology information available.
Info: Charm++/Converse parallel runtime startup completed at 0.029803 s
CkLoopLib is used in SMP with a simple dynamic scheduling (converse-level notification) but not using node-level queue
Info: 8.47656 MB of memory in use based on /proc/self/stat
Info: Configuration file is smd.conf
Info: Working in the current directory /home-gk/users/nscc1777_ZA/gbl/smo-smd/p2/2
TCL: Suspending until startup complete.
Info: SIMULATION PARAMETERS:
Info: TIMESTEP               2
Info: NUMBER OF STEPS        0
Info: STEPS PER CYCLE        10
Info: LOAD BALANCER  Centralized
Info: LOAD BALANCING STRATEGY  New Load Balancers -- DEFAULT
Info: LDB PERIOD             2000 steps
Info: FIRST LDB TIMESTEP     50
Info: LAST LDB TIMESTEP     -1
Info: LDB BACKGROUND SCALING 1
Info: HOM BACKGROUND SCALING 1
Info: MIN ATOMS PER PATCH    40
Info: INITIAL TEMPERATURE    300
Info: CENTER OF MASS MOVING INITIALLY? NO
Info: DIELECTRIC             1
Info: EXCLUDE                SCALED ONE-FOUR
Info: 1-4 ELECTROSTATICS SCALED BY 0.833333
Info: MODIFIED 1-4 VDW PARAMETERS WILL BE USED
Info: DCD FILENAME           smdcv.cdcd
Info: DCD FREQUENCY          100
Info: DCD FIRST STEP         100
Info: NO EXTENDED SYSTEM TRAJECTORY OUTPUT
Info: VELOCITY DCD FILENAME    smdcv.vdcd
Info: VELOCITY DCD FREQUENCY   1000
Info: VELOCITY DCD FIRST STEP  1000
Info: NO FORCE DCD OUTPUT
Info: OUTPUT FILENAME        smdcv.log
Info: RESTART FILENAME       smdcv.rst
Info: RESTART FREQUENCY      100
Info: BINARY RESTART FILES WILL BE USED
Info: CUTOFF                 12
Info: PAIRLIST DISTANCE      15
Info: PAIRLIST SHRINK RATE   0.01
Info: PAIRLIST GROW RATE     0.01
Info: PAIRLIST TRIGGER       0.3
Info: PAIRLISTS PER CYCLE    2
Info: PAIRLIST OUTPUT STEPS  1000
Info: PAIRLISTS ENABLED
Info: MARGIN                 1
Info: HYDROGEN GROUP CUTOFF  2.5
Info: PATCH DIMENSION        18.5
Info: ENERGY OUTPUT STEPS    100
Info: CROSSTERM ENERGY INCLUDED IN DIHEDRAL
Info: TIMING OUTPUT STEPS    1000
Info: FIXED ATOMS ACTIVE
Warning: FOR CUDA VERSION PRESSURE WILL BE INCORRECT WITHOUT FIXEDATOMSFORCES
Warning: ENABLING FIXEDATOMSFORCES DUE TO PRESSURE CONTROL
Info: FORCES BETWEEN FIXED ATOMS ARE CALCULATED
Info: SMD ACTIVE
Info: SMD VELOCITY    0.001 ANGSTROM/TIMESTEP
Info: SMD DIRECTION   -0.661961 -0.00776372 -0.749498
Info: SMD K   1
Info: SMD K2  0
Info: SMD OUTPUT FREQUENCY   10 TIMESTEPS
Info: SMD FILE p2.ref
Info: TEMPERATURE COUPLING ACTIVE
Info: COUPLING TEMPERATURE   300
Info: BERENDSEN PRESSURE COUPLING ACTIVE
Info:     TARGET PRESSURE IS 1 BAR
Info:     COMPRESSIBILITY ESTIMATE IS 4.57e-05 BAR^(-1)
Info:     RELAXATION TIME IS 100 FS
Info:     APPLIED EVERY 10 STEPS
Info:     PRESSURE CONTROL IS GROUP-BASED
Info:       CELL FLUCTUATION IS ISOTROPIC
Info: USING VERLET I (r-RESPA) MTS SCHEME.
Info: C1 SPLITTING OF LONG RANGE ELECTROSTATICS
Info: PLACING ATOMS IN PATCHES BY HYDROGEN GROUPS
Info: RIGID BONDS TO HYDROGEN : ALL
Info:         ERROR TOLERANCE : 1e-08
Info:          MAX ITERATIONS : 100
Info: RIGID WATER USING SETTLE ALGORITHM
Info: RANDOM NUMBER SEED     1710299865
Info: USE HYDROGEN BONDS?    NO
Info: Using AMBER format force field!
Info: AMBER PARM FILE        model.prmtop
Info: AMBER COORDINATE FILE  md100ns.rst7
Info: Exclusions will be read from PARM file!
Info: SCNB (VDW SCALING)     2
Info: USING ARITHMETIC MEAN TO COMBINE L-J SIGMA PARAMETERS
Reading parm file (model.prmtop) ...
PARM file in AMBER 7 format
Warning: Skipping ATOMIC_NUMBER in parm file while seeking MASS.
Warning: Skipping SCEE_SCALE_FACTOR in parm file while seeking SOLTY.
Warning: Skipping SCNB_SCALE_FACTOR in parm file while seeking SOLTY.
Warning: Found 14660 H-H bonds.
Info: SUMMARY OF PARAMETERS:
Info: 105 BONDS
Info: 230 ANGLES
Info: 234 DIHEDRAL
Info: 0 IMPROPER
Info: 0 CROSSTERM
Info: 0 VDW
Info: 595 VDW_PAIRS
Info: 0 NBTHOLE_PAIRS
Info: TIME FOR READING PDB FILE: 9.53674e-07
Info: 
Info: ****************************
Info: STRUCTURE SUMMARY:
Info: 51660 ATOMS
Info: 51743 BONDS
Info: 14008 ANGLES
Info: 34446 DIHEDRALS
Info: 0 IMPROPERS
Info: 0 CROSSTERMS
Info: 85918 EXCLUSIONS
Info: 1 FIXED ATOMS
Info: 47756 RIGID BONDS
Info: 0 RIGID BONDS BETWEEN FIXED ATOMS
Info: 107221 DEGREES OF FREEDOM
Info: 18564 HYDROGEN GROUPS
Info: 4 ATOMS IN LARGEST HYDROGEN GROUP
Info: 18564 MIGRATION GROUPS
Info: 4 ATOMS IN LARGEST MIGRATION GROUP
Info: 0 HYDROGEN GROUPS WITH ALL ATOMS FIXED
Info: TOTAL MASS = 319649 amu
Info: TOTAL CHARGE = -1.36499e-05 e
Info: *****************************
Info: 
Info: Entering startup at 0.514762 s, 31.7617 MB of memory in use
Info: Startup phase 0 took 0.000440836 s, 31.7773 MB of memory in use
Info: ADDED 0 IMPLICIT EXCLUSIONS
Info: Startup phase 1 took 0.0171301 s, 33.8555 MB of memory in use
Info: NONBONDED TABLE R-SQUARED SPACING: 0.0625
Info: NONBONDED TABLE SIZE: 769 POINTS
Info: INCONSISTENCY IN FAST TABLE ENERGY VS FORCE: 0.000290475 AT 0.251946
Info: ABSOLUTE IMPRECISION IN VDWA TABLE ENERGY: 1.26218e-29 AT 11.9974
Info: ABSOLUTE IMPRECISION IN VDWA TABLE FORCE: 1.34106e-29 AT 11.9974
Info: INCONSISTENCY IN VDWA TABLE ENERGY VS FORCE: 0.0040507 AT 0.251946
Info: ABSOLUTE IMPRECISION IN VDWB TABLE ENERGY: 5.29396e-23 AT 11.9974
Info: ABSOLUTE IMPRECISION IN VDWB TABLE FORCE: 9.34714e-23 AT 11.9974
Info: INCONSISTENCY IN VDWB TABLE ENERGY VS FORCE: 0.00150189 AT 0.251946
Info: Updated CUDA LJ table with 34 x 34 elements.
Info: Updated CUDA force table with 4096 elements.
Info: Startup phase 2 took 0.04774 s, 54.9961 MB of memory in use
Info: Startup phase 3 took 0.000138044 s, 54.9961 MB of memory in use
Info: Startup phase 4 took 0.000557899 s, 55.4531 MB of memory in use
Info: Startup phase 5 took 8.01086e-05 s, 55.4531 MB of memory in use
Info: PATCH GRID IS 4 BY 6 BY 4
Info: PATCH GRID IS 1-AWAY BY 1-AWAY BY 1-AWAY
Info: REMOVING COM VELOCITY -0.0228332 -0.0108493 -0.0259219
Info: LARGEST PATCH (78) HAS 1323 ATOMS
Info: TORUS A SIZE 1 USING 0
Info: TORUS B SIZE 1 USING 0
Info: TORUS C SIZE 1 USING 0
Info: TORUS MINIMAL MESH SIZE IS 1 BY 1 BY 1
Info: Placed 100% of base nodes on same physical node as patch
Info: Startup phase 6 took 0.0421569 s, 65.1133 MB of memory in use
Info: Startup phase 7 took 0.000130892 s, 65.1133 MB of memory in use
Info: Startup phase 8 took 9.01222e-05 s, 65.1172 MB of memory in use
LDB: Central LB being created...
Info: Startup phase 9 took 0.000139952 s, 65.1484 MB of memory in use
Info: CREATING 1432 COMPUTE OBJECTS
Info: 1 SMD ATOMS
Info: Found 419 unique exclusion lists needing 1888 bytes
Pe 0 hosts 0 local and 96 remote patches for pe 0
Info: Startup phase 10 took 0.107598 s, 70.2188 MB of memory in use
Info: Startup phase 11 took 0.000121832 s, 70.2188 MB of memory in use
Info: Startup phase 12 took 0.000569105 s, 70.5508 MB of memory in use
Info: Finished startup at 0.731656 s, 70.5508 MB of memory in use

TCL: Running for 50000 steps
SMDTITLE: TS   CURRENT_POSITION         FORCE
SMD  0 37.0671 36.4508 54.2185 0.0147231 0.000172678 0.0166701
Pe 0 has 0 local and 96 remote patches and 0 local and 1600 remote computes.
ETITLE:      TS           BOND          ANGLE          DIHED          IMPRP               ELECT            VDW       BOUNDARY           MISC        KINETIC               TOTAL           TEMP      POTENTIAL         TOTAL3        TEMPAVG

ENERGY:       0      1499.8256      4107.3810      6161.3118         0.0000        -170785.7754     17661.4529         0.0000         0.0000     31770.5813        -109585.2229       298.2193   -141355.8042   -109441.6217       298.2193

LDB: ============= START OF LOAD BALANCING ============== 1.11758
LDB: ============== END OF LOAD BALANCING =============== 1.11833
LDB: =============== DONE WITH MIGRATION ================ 1.1186
SMD  10 37.0609 36.4702 54.2117 -0.0308138 -0.000361396 -0.0348886
SMD  20 37.0812 36.4461 54.225 -1.55884 -0.0182826 -1.76498
SMD  30 37.1156 36.4205 54.2122 -2.61426 -0.030661 -2.95997
SMD  40 37.1803 36.4125 54.185 -4.10405 -0.0481338 -4.64676
LDB: ============= START OF LOAD BALANCING ============== 2.57494
LDB: ============== END OF LOAD BALANCING =============== 2.57508
LDB: =============== DONE WITH MIGRATION ================ 2.57543
SMD  50 37.1187 36.4263 54.2327 -4.33875 -0.0508864 -4.9125
Info: Initial time: 1 CPUs 0.0364126 s/step 0.210721 days/ns 100.461 MB memory
LDB: ============= START OF LOAD BALANCING ============== 2.93959
LDB: ============== END OF LOAD BALANCING =============== 2.93974
LDB: =============== DONE WITH MIGRATION ================ 2.93998
SMD  60 37.0416 36.3941 54.2158 -1.85727 -0.0217827 -2.10287
SMD  70 37.0094 36.4008 54.2297 -1.81647 -0.0213042 -2.05668
SMD  80 36.9593 36.3406 54.1618 1.61067 0.0188905 1.82367
SMD  90 36.9971 36.2833 54.1712 -0.303134 -0.00355527 -0.34322
LDB: ============= START OF LOAD BALANCING ============== 4.39783
LDB: ============== END OF LOAD BALANCING =============== 4.39797
LDB: =============== DONE WITH MIGRATION ================ 4.39829
SMD  100 37.1035 36.2285 54.0431 0.43211 0.00506794 0.489252
Info: Initial time: 1 CPUs 0.036582 s/step 0.211701 days/ns 110.117 MB memory
ENERGY:     100      1546.1863      4240.7249      6295.8922         0.0000        -179320.8540     15925.1818         0.0000         0.0000     41837.3364        -109475.5323       392.7123   -151312.8687   -109332.6474       378.3702

WRITING EXTENDED SYSTEM TO RESTART FILE AT STEP 100
OPENING COORDINATE DCD FILE
WRITING COORDINATES TO DCD FILE smdcv.cdcd AT STEP 100
WRITING COORDINATES TO RESTART FILE AT STEP 100
FINISHED WRITING RESTART COORDINATES
The last position output (seq=100) takes 0.004 seconds, 111.305 MB of memory in use
WRITING VELOCITIES TO RESTART FILE AT STEP 100
FINISHED WRITING RESTART VELOCITIES
The last velocity output (seq=100) takes 0.002 seconds, 111.348 MB of memory in use
SMD  110 37.1348 36.1357 54.0677 -1.79621 -0.0210666 -2.03374
SMD  120 37.1541 36.073 54.0587 -2.51142 -0.0294548 -2.84353
SMD  130 37.132 36.0112 54.0527 -2.06891 -0.024265 -2.3425
SMD  140 37.1443 36.006 53.9987 -1.03767 -0.0121701 -1.17489
LDB: ============= START OF LOAD BALANCING ============== 6.23628
LDB: ============== END OF LOAD BALANCING =============== 6.23642
LDB: =============== DONE WITH MIGRATION ================ 6.23673
SMD  150 37.204 36.0428 53.9597 -1.98415 -0.0232708 -2.24653
Info: Initial time: 1 CPUs 0.0366069 s/step 0.211846 days/ns 111.379 MB memory
SMD  160 37.179 36.1378 53.9817 -2.4776 -0.0290582 -2.80523
SMD  170 37.234 36.2069 54.0227 -6.04772 -0.0709299 -6.84747
SMD  180 37.3029 36.19 54.1098 -11.6026 -0.136079 -13.1369
SMD  190 37.3284 36.0945 54.1442 -13.9919 -0.164102 -15.8422
LDB: ============= START OF LOAD BALANCING ============== 8.05657
LDB: ============== END OF LOAD BALANCING =============== 8.05671
LDB: =============== DONE WITH MIGRATION ================ 8.05704
SMD  200 37.3001 35.98 54.2323 -16.5849 -0.194514 -18.7781
Info: Benchmark time: 1 CPUs 0.0364747 s/step 0.21108 days/ns 112.781 MB memory
ENERGY:     200      1554.2219      4245.1833      6331.9715         0.0000        -158119.5210     14794.6860         0.0000         0.0000     41798.6813         -89394.7770       392.3495   -131193.4583    -89247.5274       391.6654

WRITING EXTENDED SYSTEM TO RESTART FILE AT STEP 200
WRITING COORDINATES TO DCD FILE smdcv.cdcd AT STEP 200
WRITING COORDINATES TO RESTART FILE AT STEP 200
FINISHED WRITING RESTART COORDINATES
The last position output (seq=200) takes 0.003 seconds, 112.785 MB of memory in use
WRITING VELOCITIES TO RESTART FILE AT STEP 200
FINISHED WRITING RESTART VELOCITIES
The last velocity output (seq=200) takes 0.002 seconds, 112.785 MB of memory in use
SMD  210 37.2745 35.9075 54.2806 -17.9053 -0.21 -20.2731
SMD  220 37.1928 35.8684 54.2988 -16.4888 -0.193387 -18.6693
SMD  230 37.1743 35.8339 54.3066 -16.6434 -0.1952 -18.8443
SMD  240 37.1139 35.9572 54.2972 -14.9841 -0.175739 -16.9656
SMD  250 37.1217 36.0369 54.275 -14.945 -0.17528 -16.9213
Info: Benchmark time: 1 CPUs 0.0365158 s/step 0.211318 days/ns 112.797 MB memory
SMD  260 37.121 36.1413 54.216 -13.3884 -0.157024 -15.1589
SMD  270 37.0712 36.1958 54.1412 -9.77428 -0.114636 -11.0668
SMD  280 37.1458 36.2698 54.1969 -14.4518 -0.169495 -16.3628
SMD  290 37.1996 36.315 54.2347 -17.8676 -0.209558 -20.2305
SMD  300 37.1994 36.305 54.1803 -16.4437 -0.192858 -18.6182
Info: Benchmark time: 1 CPUs 0.0364424 s/step 0.210893 days/ns 114.793 MB memory
ENERGY:     300      1559.2187      4313.9652      6349.4590         0.0000        -164374.4542     14529.3612         0.0000         0.0000     41969.7197         -95652.7303       393.9550   -137622.4500    -95503.1642       392.0756

WRITING EXTENDED SYSTEM TO RESTART FILE AT STEP 300
WRITING COORDINATES TO DCD FILE smdcv.cdcd AT STEP 300
WRITING COORDINATES TO RESTART FILE AT STEP 300
FINISHED WRITING RESTART COORDINATES
The last position output (seq=300) takes 0.004 seconds, 114.793 MB of memory in use
WRITING VELOCITIES TO RESTART FILE AT STEP 300
FINISHED WRITING RESTART VELOCITIES
The last velocity output (seq=300) takes 0.003 seconds, 114.793 MB of memory in use
SMD  310 37.1258 36.2359 54.1675 -14.1942 -0.166475 -16.0712
SMD  320 37.0211 36.2812 54.245 -14.1561 -0.166028 -16.0281
SMD  330 36.8525 36.2926 54.3066 -11.6091 -0.136155 -13.1442
SMD  340 36.8425 36.2545 54.3181 -12.1493 -0.142492 -13.756
SMD  350 36.7839 36.2077 54.3512 -11.9484 -0.140135 -13.5284
Info: Benchmark time: 1 CPUs 0.0365364 s/step 0.211437 days/ns 114.812 MB memory
SMD  360 36.9122 36.2387 54.4785 -20.7139 -0.24294 -23.4531
SMD  370 36.9634 36.2562 54.4844 -22.9404 -0.269054 -25.9741
SMD  380 36.9439 36.2586 54.463 -22.0733 -0.258884 -24.9923
SMD  390 36.9588 36.2922 54.4415 -22.2563 -0.261031 -25.1995
SMD  400 37.022 36.3176 54.4314 -24.3036 -0.285042 -27.5175
Info: Benchmark time: 1 CPUs 0.0364038 s/step 0.21067 days/ns 114.824 MB memory
ENERGY:     400      1553.6536      4427.1642      6392.9972         0.0000        -158884.0636     14364.7731         0.0000         0.0000     42416.2540         -89729.2215       398.1464   -132145.4755    -89577.5406       395.9340

WRITING EXTENDED SYSTEM TO RESTART FILE AT STEP 400
WRITING COORDINATES TO DCD FILE smdcv.cdcd AT STEP 400
WRITING COORDINATES TO RESTART FILE AT STEP 400
FINISHED WRITING RESTART COORDINATES
The last position output (seq=400) takes 0.004 seconds, 114.824 MB of memory in use
WRITING VELOCITIES TO RESTART FILE AT STEP 400
FINISHED WRITING RESTART VELOCITIES
The last velocity output (seq=400) takes 0.003 seconds, 114.824 MB of memory in use
SMD  410 37.1155 36.3527 54.3888 -26.1518 -0.306718 -29.6101
SMD  420 37.1636 36.3191 54.4612 -30.5578 -0.358393 -34.5987
SMD  430 37.228 36.3013 54.4177 -31.474 -0.369139 -35.6362
SMD  440 37.2762 36.3838 54.477 -35.473 -0.41604 -40.1639
SMD  450 37.3458 36.4342 54.4879 -38.4486 -0.45094 -43.5331
Info: Benchmark time: 1 CPUs 0.0365237 s/step 0.211364 days/ns 114.832 MB memory
SMD  460 37.3282 36.4762 54.3705 -34.338 -0.402729 -38.8788
SMD  470 37.3137 36.4319 54.4107 -35.7266 -0.419014 -40.451
SMD  480 37.1929 36.3759 54.4976 -35.4847 -0.416177 -40.1771
SMD  490 37.218 36.2761 54.4649 -35.5472 -0.416911 -40.248
SMD  500 37.2208 36.211 54.386 -33.35 -0.391142 -37.7602
ENERGY:     500      1669.7794      4354.6156      6357.4982         0.0000        -151794.8188     13847.8896         0.0000         0.0000     42274.4190         -83290.6170       396.8151   -125565.0360    -83137.0471       396.2901

WRITING EXTENDED SYSTEM TO RESTART FILE AT STEP 500
WRITING COORDINATES TO DCD FILE smdcv.cdcd AT STEP 500
WRITING COORDINATES TO RESTART FILE AT STEP 500
FINISHED WRITING RESTART COORDINATES
The last position output (seq=500) takes 0.004 seconds, 114.848 MB of memory in use
WRITING VELOCITIES TO RESTART FILE AT STEP 500
FINISHED WRITING RESTART VELOCITIES
The last velocity output (seq=500) takes 0.003 seconds, 114.848 MB of memory in use
SMD  510 37.076 36.1989 54.4803 -32.6505 -0.382937 -36.9682
SMD  520 37.1114 36.2781 54.4104 -31.8044 -0.373014 -36.0102
SMD  530 37.0731 36.3278 54.3324 -28.4295 -0.333431 -32.189
SMD  540 37.1126 36.3725 54.3109 -29.362 -0.344368 -33.2448
SMD  550 37.1693 36.3685 54.3331 -32.3136 -0.378986 -36.5868
SMD  560 37.2599 36.2983 54.3798 -37.1183 -0.435337 -42.0268
SMD  570 37.3358 36.2551 54.4368 -41.8351 -0.490658 -47.3674
SMD  580 37.3473 36.2343 54.3445 -39.4566 -0.462762 -44.6743
SMD  590 37.2151 36.2232 54.3095 -34.6821 -0.406764 -39.2684
SMD  600 37.149 36.3012 54.3233 -33.6357 -0.394491 -38.0836
ENERGY:     600      1543.0741      4377.1651      6357.8903         0.0000        -162013.0890     13827.8858         0.0000         0.0000     42487.4310         -93419.6428       398.8146   -135907.0738    -93269.4192       396.7587

WRITING EXTENDED SYSTEM TO RESTART FILE AT STEP 600
WRITING COORDINATES TO DCD FILE smdcv.cdcd AT STEP 600
WRITING COORDINATES TO RESTART FILE AT STEP 600
FINISHED WRITING RESTART COORDINATES
The last position output (seq=600) takes 0.004 seconds, 114.863 MB of memory in use
WRITING VELOCITIES TO RESTART FILE AT STEP 600
FINISHED WRITING RESTART VELOCITIES
SMD  610 37.1773 36.4174 54.3024 -34.2764 -0.402006 -38.8091
SMD  620 37.043 36.4218 54.3175 -31.1722 -0.3656 -35.2945
SMD  630 37.0592 36.4365 54.3638 -33.7236 -0.395522 -38.1831
SMD  640 37.0561 36.4322 54.3386 -33.2203 -0.38962 -37.6134
SMD  650 37.1159 36.4228 54.3402 -35.5506 -0.416951 -40.2518
SMD  660 37.1616 36.3813 54.3907 -39.1284 -0.458912 -44.3027
SMD  670 37.2074 36.2741 54.3534 -39.6614 -0.465163 -44.9062
SMD  680 37.2849 36.16 54.395 -43.8728 -0.514557 -49.6746
SMD  690 37.2872 36.174 54.3653 -43.3833 -0.508816 -49.1203
SMD  700 37.2981 36.2377 54.3993 -45.3686 -0.5321 -51.3682
ENERGY:     700      1558.3987      4441.0722      6368.7634         0.0000        -154146.2427     14060.6983         0.0000         0.0000     42584.4948         -85132.8154       399.7257   -127717.3102    -84979.9046       398.5019

WRITING EXTENDED SYSTEM TO RESTART FILE AT STEP 700
WRITING COORDINATES TO DCD FILE smdcv.cdcd AT STEP 700
WRITING COORDINATES TO RESTART FILE AT STEP 700
FINISHED WRITING RESTART COORDINATES
The last position output (seq=700) takes 0.004 seconds, 114.887 MB of memory in use
WRITING VELOCITIES TO RESTART FILE AT STEP 700
FINISHED WRITING RESTART VELOCITIES
SMD  710 37.2136 36.2954 54.3256 -40.7374 -0.477783 -46.1245
SMD  720 37.1078 36.2682 54.2921 -36.8109 -0.431731 -41.6787
SMD  730 37.1034 36.2189 54.2285 -34.9256 -0.40962 -39.5442
SMD  740 37.1219 36.1924 54.3603 -40.4845 -0.474817 -45.8381
SMD  750 37.1437 36.1136 54.2972 -39.4046 -0.462152 -44.6155
SMD  760 37.2029 35.9646 54.2343 -39.4454 -0.46263 -44.6616
SMD  770 37.0978 35.9401 54.3318 -40.0573 -0.469807 -45.3545
SMD  780 37.0752 35.992 54.445 -43.7509 -0.513127 -49.5365
SMD  790 36.9414 36.0375 54.415 -39.119 -0.458802 -44.2921
SMD  800 36.9445 36.0812 54.2839 -35.1726 -0.412518 -39.8238
ENERGY:     800      1625.8419      4498.5075      6371.8173         0.0000        -157333.0148     13967.9527         0.0000         0.0000     42680.4632         -88188.4322       400.6265   -130868.8954    -88036.8742       399.3697

WRITING EXTENDED SYSTEM TO RESTART FILE AT STEP 800
WRITING COORDINATES TO DCD FILE smdcv.cdcd AT STEP 800
WRITING COORDINATES TO RESTART FILE AT STEP 800
FINISHED WRITING RESTART COORDINATES
The last position output (seq=800) takes 0.004 seconds, 114.891 MB of memory in use
WRITING VELOCITIES TO RESTART FILE AT STEP 800
FINISHED WRITING RESTART VELOCITIES
SMD  810 36.9754 36.1925 54.3863 -40.1384 -0.470758 -45.4463
SMD  820 37.0588 36.2145 54.3834 -43.0456 -0.504855 -48.7379
SMD  830 37.0292 36.2597 54.4717 -45.6657 -0.535584 -51.7045
SMD  840 37.0825 36.225 54.3705 -44.249 -0.518968 -50.1005
SMD  850 37.0689 36.1696 54.3956 -45.1387 -0.529403 -51.1078
SMD  860 37.1069 36.2031 54.3778 -46.1534 -0.541303 -52.2567
SMD  870 37.2672 36.1908 54.4232 -53.055 -0.622249 -60.071
SMD  880 37.165 36.0896 54.3051 -46.2964 -0.542981 -52.4186
SMD  890 37.2468 36.1471 54.3466 -50.6981 -0.594606 -57.4024
SMD  900 37.2412 36.219 54.3208 -50.1224 -0.587854 -56.7506
ENERGY:     900      1579.8562      4517.8602      6426.0612         0.0000        -164361.7686     14010.4473         0.0000         0.0000     42630.0093         -95197.5344       400.1529   -137827.5437    -95042.4302       400.0052

WRITING EXTENDED SYSTEM TO RESTART FILE AT STEP 900
WRITING COORDINATES TO DCD FILE smdcv.cdcd AT STEP 900
WRITING COORDINATES TO RESTART FILE AT STEP 900
FINISHED WRITING RESTART COORDINATES
The last position output (seq=900) takes 0.004 seconds, 114.895 MB of memory in use
WRITING VELOCITIES TO RESTART FILE AT STEP 900
FINISHED WRITING RESTART VELOCITIES
SMD  910 37.2672 36.3331 54.2133 -47.7088 -0.559547 -54.0178
SMD  920 37.2584 36.4937 54.206 -47.7088 -0.559546 -54.0178
SMD  930 37.263 36.6078 54.132 -45.7957 -0.537109 -51.8517
SMD  940 37.2115 36.6339 54.1494 -45.2981 -0.531273 -51.2883
SMD  950 37.2458 36.497 54.1155 -45.5866 -0.534657 -51.615
SMD  960 37.2065 36.3339 54.1944 -47.5094 -0.557207 -53.792
SMD  970 37.1802 36.0964 54.1835 -46.709 -0.54782 -52.8858
SMD  980 37.1674 35.9681 54.3289 -51.7429 -0.60686 -58.5854
SMD  990 37.1997 35.7449 54.2844 -51.5743 -0.604883 -58.3945
SMDTITLE: TS   CURRENT_POSITION         FORCE
SMD  1000 37.2733 35.6841 54.3308 -55.855 -0.655088 -63.2413
TIMING: 1000  CPU: 36.5922, 0.0365104/step  Wall: 36.5922, 0.0365104/step, 0.496947 hours remaining, 114.902344 MB of memory in use.
ETITLE:      TS           BOND          ANGLE          DIHED          IMPRP               ELECT            VDW       BOUNDARY           MISC        KINETIC               TOTAL           TEMP      POTENTIAL         TOTAL3        TEMPAVG

ENERGY:    1000      1569.0514      4505.9853      6404.8369         0.0000        -147100.8929     13811.1922         0.0000         0.0000     42744.2466         -78065.5804       401.2252   -120809.8271    -77911.5323       400.9468

WRITING EXTENDED SYSTEM TO RESTART FILE AT STEP 1000
WRITING COORDINATES TO DCD FILE smdcv.cdcd AT STEP 1000
WRITING COORDINATES TO RESTART FILE AT STEP 1000
FINISHED WRITING RESTART COORDINATES
The last position output (seq=1000) takes 0.004 seconds, 114.902 MB of memory in use
OPENING VELOCITY DCD FILE
WRITING VELOCITIES TO DCD FILE AT STEP 1000
WRITING VELOCITIES TO RESTART FILE AT STEP 1000
FINISHED WRITING RESTART VELOCITIES
SMD  1010 37.297 35.7768 54.3506 -57.7509 -0.677323 -65.3878
SMD  1020 37.3369 35.9334 54.4074 -61.4384 -0.720572 -69.563
SMD  1030 37.323 36.0678 54.3732 -60.3447 -0.707744 -68.3246
SMD  1040 37.3696 36.2687 54.3231 -60.5678 -0.710362 -68.5773
SMD  1050 37.3944 36.4084 54.3114 -61.4306 -0.720481 -69.5542
SMD  1060 37.3564 36.4896 54.2521 -58.7201 -0.688691 -66.4852
SMD  1070 37.4609 36.5047 54.2441 -62.0856 -0.728162 -70.2957
SMD  1080 37.4636 36.4464 54.1594 -59.6925 -0.700096 -67.5862
SMD  1090 37.4641 36.3806 54.2304 -62.5885 -0.734061 -70.8652
SMD  1100 37.4259 36.3112 54.2308 -61.8725 -0.725663 -70.0545
ENERGY:    1100      1748.6183      4472.7631      6424.0550         0.0000        -157628.7719     13573.1011         0.0000         0.0000     42771.8536         -88638.3808       401.4843   -131410.2344    -88485.1355       401.2244

WRITING EXTENDED SYSTEM TO RESTART FILE AT STEP 1100
WRITING COORDINATES TO DCD FILE smdcv.cdcd AT STEP 1100
WRITING COORDINATES TO RESTART FILE AT STEP 1100
FINISHED WRITING RESTART COORDINATES
WRITING VELOCITIES TO RESTART FILE AT STEP 1100
FINISHED WRITING RESTART VELOCITIES
SMD  1110 37.4651 36.2117 54.2386 -63.7608 -0.74781 -72.1924
SMD  1120 37.4156 36.2159 54.2415 -62.8151 -0.736719 -71.1218
SMD  1130 37.4423 36.2411 54.3053 -66.296 -0.777544 -75.0629
SMD  1140 37.3821 36.2181 54.2498 -63.0009 -0.738897 -71.3321
SMD  1150 37.5074 36.2564 54.284 -68.4685 -0.803023 -77.5227
SMD  1160 37.6388 36.3241 54.32 -74.1968 -0.870208 -84.0086
SMD  1170 37.6807 36.3051 54.3223 -76.0041 -0.891405 -86.0549
SMD  1180 37.6627 36.338 54.3495 -76.868 -0.901536 -87.033
SMD  1190 37.6948 36.3212 54.3541 -78.4523 -0.920117 -88.8268
SMD  1200 37.7331 36.2502 54.2988 -78.1499 -0.916571 -88.4845
ENERGY:    1200      1603.6289      4578.6821      6426.4814         0.0000        -160797.3788     13786.0040         0.0000         0.0000     42784.9124         -91617.6700       401.6069   -134402.5824    -91458.3002       402.4030

WRITING EXTENDED SYSTEM TO RESTART FILE AT STEP 1200
WRITING COORDINATES TO DCD FILE smdcv.cdcd AT STEP 1200
WRITING COORDINATES TO RESTART FILE AT STEP 1200
FINISHED WRITING RESTART COORDINATES
WRITING VELOCITIES TO RESTART FILE AT STEP 1200
FINISHED WRITING RESTART VELOCITIES
SMD  1210 37.7629 36.124 54.234 -77.2353 -0.905844 -87.4489
SMD  1220 37.7387 36.0313 54.3371 -80.4826 -0.94393 -91.1256
SMD  1230 37.7657 36.0164 54.3314 -81.564 -0.956612 -92.35
SMD  1240 37.8158 36.0444 54.3649 -84.7096 -0.993505 -95.9115
SMD  1250 37.682 36.0509 54.2971 -78.7618 -0.923747 -89.1772
SMD  1260 37.6792 36.069 54.2473 -77.428 -0.908104 -87.6671
SMD  1270 37.5875 36.0985 54.1917 -73.1904 -0.858403 -82.869
SMD  1280 37.6481 36.1751 54.2647 -78.041 -0.915293 -88.3611
SMD  1290 37.5597 36.1125 54.2652 -75.8013 -0.889026 -85.8253
SMD  1300 37.5664 36.1313 54.3068 -77.9091 -0.913746 -88.2117
ENERGY:    1300      1694.3990      4643.7932      6378.9803         0.0000        -157425.6414     13714.0874         0.0000         0.0000     43056.4762         -87937.9053       404.1560   -130994.3814    -87783.5675       402.3186

WRITING EXTENDED SYSTEM TO RESTART FILE AT STEP 1300
WRITING COORDINATES TO DCD FILE smdcv.cdcd AT STEP 1300
WRITING COORDINATES TO RESTART FILE AT STEP 1300
FINISHED WRITING RESTART COORDINATES
WRITING VELOCITIES TO RESTART FILE AT STEP 1300
FINISHED WRITING RESTART VELOCITIES
SMD  1310 37.5863 36.0953 54.2771 -77.9348 -0.914048 -88.2408
SMD  1320 37.668 36.2911 54.3225 -82.5184 -0.967806 -93.4306
SMD  1330 37.5732 36.3878 54.3434 -80.8475 -0.948209 -91.5388
SMD  1340 37.5433 36.5056 54.3037 -79.071 -0.927374 -89.5274
SMD  1350 37.563 36.5945 54.1983 -76.5286 -0.897555 -86.6487
SMD  1360 37.6285 36.7588 54.251 -80.8575 -0.948326 -91.55
SMD  1370 37.5243 36.8229 54.2534 -78.2528 -0.917778 -88.6009
SMD  1380 37.5399 36.8169 54.1938 -77.1271 -0.904575 -87.3263
SMD  1390 37.6324 36.747 54.1713 -79.6037 -0.933622 -90.1305
SMD  1400 37.6156 36.7083 54.2127 -80.9641 -0.949577 -91.6708
ENERGY:    1400      1641.8972      4580.9380      6417.8156         0.0000        -149242.7750     13682.2351         0.0000         0.0000     43374.4620         -79545.4271       407.1408   -122919.8891    -79387.8355       405.1868

WRITING EXTENDED SYSTEM TO RESTART FILE AT STEP 1400
WRITING COORDINATES TO DCD FILE smdcv.cdcd AT STEP 1400
WRITING COORDINATES TO RESTART FILE AT STEP 1400
FINISHED WRITING RESTART COORDINATES
WRITING VELOCITIES TO RESTART FILE AT STEP 1400
FINISHED WRITING RESTART VELOCITIES
SMD  1410 37.7226 36.6611 54.2666 -86.5243 -1.01479 -97.9662
SMD  1420 37.8183 36.6046 54.325 -91.8919 -1.07774 -104.044
SMD  1430 37.7891 36.4861 54.2104 -87.4717 -1.0259 -99.0389
SMD  1440 37.8509 36.4958 54.2841 -92.355 -1.08317 -104.568
SMD  1450 37.771 36.56 54.316 -91.5062 -1.07322 -103.607
SMD  1460 37.7514 36.6328 54.3227 -91.6241 -1.0746 -103.74
SMD  1470 37.7649 36.6682 54.1666 -87.1283 -1.02187 -98.6501
SMD  1480 37.6909 36.7945 54.2688 -88.9 -1.04265 -100.656
SMD  1490 37.5978 36.8358 54.3444 -89.1517 -1.0456 -100.941
SMD  1500 37.5962 36.8619 54.3302 -89.0808 -1.04477 -100.861
ENERGY:    1500      1662.8805      4517.1709      6402.1296         0.0000        -138403.4814     13705.7126         0.0000         0.0000     43368.6976         -68746.8902       407.0867   -112115.5879    -68584.6026       405.7604

WRITING EXTENDED SYSTEM TO RESTART FILE AT STEP 1500
WRITING COORDINATES TO DCD FILE smdcv.cdcd AT STEP 1500
WRITING COORDINATES TO RESTART FILE AT STEP 1500
FINISHED WRITING RESTART COORDINATES
WRITING VELOCITIES TO RESTART FILE AT STEP 1500
FINISHED WRITING RESTART VELOCITIES
SMD  1510 37.4723 36.7483 54.19 -80.8921 -0.948732 -91.5893
SMD  1520 37.5539 36.7498 54.2353 -85.4002 -1.0016 -96.6934
SMD  1530 37.5464 36.6929 54.2301 -85.4325 -1.00198 -96.73
SMD  1540 37.5298 36.6127 54.1983 -84.2594 -0.988225 -95.4018
SMD  1550 37.5379 36.5407 54.1482 -83.2158 -0.975985 -94.2202
SMD  1560 37.562 36.5624 54.1384 -84.0794 -0.986114 -95.198
SMD  1570 37.6382 36.5668 54.1082 -85.8222 -1.00655 -97.1713
SMD  1580 37.6884 36.6618 54.0839 -87.0067 -1.02045 -98.5125
SMD  1590 37.6513 36.6922 54.0213 -84.1886 -0.987394 -95.3216
SMD  1600 37.5716 36.7105 53.9988 -81.4531 -0.955311 -92.2244
ENERGY:    1600      1727.8563      4656.1957      6420.3859         0.0000        -154071.5194     13322.2285         0.0000         0.0000     43328.0653         -84616.7878       406.7053   -127944.8531    -84458.2574       405.6535

WRITING EXTENDED SYSTEM TO RESTART FILE AT STEP 1600
WRITING COORDINATES TO DCD FILE smdcv.cdcd AT STEP 1600
WRITING COORDINATES TO RESTART FILE AT STEP 1600
FINISHED WRITING RESTART COORDINATES
WRITING VELOCITIES TO RESTART FILE AT STEP 1600
FINISHED WRITING RESTART VELOCITIES
SMD  1610 37.5402 36.7258 53.9689 -79.9299 -0.937448 -90.4998
SMD  1620 37.5623 36.6798 54.0416 -83.5545 -0.979958 -94.6037
SMD  1630 37.628 36.6334 54.0907 -87.6908 -1.02847 -99.287
SMD  1640 37.6075 36.54 54.1487 -89.4912 -1.04959 -101.326
SMD  1650 37.6398 36.5935 54.1725 -91.7744 -1.07636 -103.911
SMD  1660 37.4932 36.5606 54.1404 -86.6549 -1.01632 -98.1141
SMD  1670 37.4123 36.6423 54.1191 -83.9438 -0.984523 -95.0445
SMD  1680 37.4081 36.6557 54.0681 -82.5258 -0.967893 -93.439
SMD  1690 37.2635 36.6281 53.9649 -75.0116 -0.879764 -84.9311
SMD  1700 37.4067 36.6257 53.9273 -78.5367 -0.921108 -88.9224
ENERGY:    1700      1680.7845      4554.9980      6367.9730         0.0000        -149519.2872     13760.5639         0.0000         0.0000     43237.7991         -79917.1688       405.8580   -123154.9678    -79758.3692       405.5364

WRITING EXTENDED SYSTEM TO RESTART FILE AT STEP 1700
WRITING COORDINATES TO DCD FILE smdcv.cdcd AT STEP 1700
WRITING COORDINATES TO RESTART FILE AT STEP 1700
FINISHED WRITING RESTART COORDINATES
WRITING VELOCITIES TO RESTART FILE AT STEP 1700
FINISHED WRITING RESTART VELOCITIES
SMD  1710 37.402 36.4921 54.0205 -82.0195 -0.961955 -92.8657
SMD  1720 37.4107 36.2759 53.9819 -81.3329 -0.953902 -92.0883
SMD  1730 37.496 36.0723 54.024 -85.7719 -1.00596 -97.1144
SMD  1740 37.5862 35.944 54.1404 -92.9437 -1.09008 -105.234
SMD  1750 37.5593 35.8758 54.1366 -92.4289 -1.08404 -104.652
SMD  1760 37.5809 35.9069 54.1467 -93.9069 -1.10137 -106.325
SMD  1770 37.4333 36.0601 54.1576 -90.3033 -1.05911 -102.245
SMD  1780 37.4209 36.2141 54.1776 -91.1308 -1.06882 -103.182
SMD  1790 37.431 36.2027 54.0167 -86.3479 -1.01272 -97.7665
SMD  1800 37.3633 36.2167 54.1079 -87.8949 -1.03086 -99.5181
ENERGY:    1800      1750.3204      4538.9646      6432.7357         0.0000        -153674.1102     13361.2882         0.0000         0.0000     43209.6533         -84381.1479       405.5938   -127590.8013    -84223.7491       407.7344

WRITING EXTENDED SYSTEM TO RESTART FILE AT STEP 1800
WRITING COORDINATES TO DCD FILE smdcv.cdcd AT STEP 1800
WRITING COORDINATES TO RESTART FILE AT STEP 1800
FINISHED WRITING RESTART COORDINATES
WRITING VELOCITIES TO RESTART FILE AT STEP 1800
FINISHED WRITING RESTART VELOCITIES
SMD  1810 37.4291 36.0957 54.0786 -89.3045 -1.0474 -101.114
SMD  1820 37.4967 36.0867 54.099 -92.5214 -1.08513 -104.756
SMD  1830 37.4827 35.9968 54.0024 -89.1949 -1.04611 -100.99
SMD  1840 37.5235 36.0727 54.0725 -93.3383 -1.09471 -105.681
SMD  1850 37.4794 36.147 54.0019 -90.0466 -1.0561 -101.954
SMD  1860 37.5031 36.2272 54.058 -93.1913 -1.09298 -105.515
SMD  1870 37.4137 36.2906 54.0234 -89.7618 -1.05276 -101.632
SMD  1880 37.3725 36.3376 54.1044 -91.7728 -1.07634 -103.909
SMD  1890 37.2696 36.4735 54.287 -95.4466 -1.11943 -108.068
SMD  1900 37.2106 36.4925 54.2617 -93.2424 -1.09358 -105.573
ENERGY:    1900      1633.1925      4659.5204      6445.0032         0.0000        -148959.3808     13533.0223         0.0000         0.0000     43432.7321         -79255.9102       407.6878   -122688.6423    -79094.6772       407.2449

WRITING EXTENDED SYSTEM TO RESTART FILE AT STEP 1900
WRITING COORDINATES TO DCD FILE smdcv.cdcd AT STEP 1900
WRITING COORDINATES TO RESTART FILE AT STEP 1900
FINISHED WRITING RESTART COORDINATES
WRITING VELOCITIES TO RESTART FILE AT STEP 1900
FINISHED WRITING RESTART VELOCITIES
SMD  1910 37.1881 36.4001 54.2955 -94.1535 -1.10427 -106.604
SMD  1920 37.3021 36.4588 54.2879 -97.8412 -1.14752 -110.78
SMD  1930 37.2841 36.4596 54.4337 -102.78 -1.20544 -116.372
SMD  1940 37.3548 36.4242 54.3752 -103.364 -1.21229 -117.033
SMD  1950 37.4049 36.3242 54.4203 -106.866 -1.25337 -120.998
SMD  1960 37.5308 36.1571 54.3662 -109.232 -1.28111 -123.677
SMD  1970 37.7567 36.1914 54.4779 -120.434 -1.41249 -136.36
SMD  1980 37.7287 36.0732 54.577 -123.417 -1.44748 -139.738
SMD  1990 37.6805 35.9807 54.562 -121.859 -1.42921 -137.974
SMDTITLE: TS   CURRENT_POSITION         FORCE
SMD  2000 37.6598 35.9813 54.5847 -122.473 -1.43641 -138.669
TIMING: 2000  CPU: 73.1289, 0.0365367/step  Wall: 73.1289, 0.0365367/step, 0.487156 hours remaining, 114.968750 MB of memory in use.
ETITLE:      TS           BOND          ANGLE          DIHED          IMPRP               ELECT            VDW       BOUNDARY           MISC        KINETIC               TOTAL           TEMP      POTENTIAL         TOTAL3        TEMPAVG

ENERGY:    2000      1729.6886      4663.8900      6518.1202         0.0000        -148310.4656     13678.7274         0.0000         0.0000     43762.3423         -77957.6971       410.7817   -121720.0394    -77793.7082       408.9530

WRITING EXTENDED SYSTEM TO RESTART FILE AT STEP 2000
WRITING COORDINATES TO DCD FILE smdcv.cdcd AT STEP 2000
WRITING COORDINATES TO RESTART FILE AT STEP 2000
FINISHED WRITING RESTART COORDINATES
WRITING VELOCITIES TO DCD FILE AT STEP 2000
WRITING VELOCITIES TO RESTART FILE AT STEP 2000
FINISHED WRITING RESTART VELOCITIES
SMD  2010 37.594 36.124 54.5805 -120.834 -1.41719 -136.813
SMD  2020 37.5279 36.2012 54.58 -119.293 -1.39911 -135.068
SMD  2030 37.6017 36.3133 54.503 -119.386 -1.40021 -135.174
SMD  2040 37.628 36.4693 54.5275 -121.545 -1.42552 -137.618
SMD  2050 37.6561 36.4305 54.4438 -119.959 -1.40692 -135.822
SMD  2060 37.5972 36.422 54.3664 -115.957 -1.35999 -131.291
SMD  2070 37.535 36.403 54.4437 -117.181 -1.37434 -132.677
SMD  2080 37.5382 36.3288 54.4975 -119.564 -1.4023 -135.376
SMD  2090 37.6065 36.2547 54.4496 -120.426 -1.4124 -136.351
SMD  2100 37.6742 36.2728 54.4813 -124.049 -1.4549 -140.453
ENERGY:    2100      1720.5077      4663.8087      6423.6535         0.0000        -160909.7302     13430.0239         0.0000         0.0000     43874.9781         -90796.7584       411.8390   -134671.7364    -90635.2487       409.4852

WRITING EXTENDED SYSTEM TO RESTART FILE AT STEP 2100
WRITING COORDINATES TO DCD FILE smdcv.cdcd AT STEP 2100
WRITING COORDINATES TO RESTART FILE AT STEP 2100
FINISHED WRITING RESTART COORDINATES
WRITING VELOCITIES TO RESTART FILE AT STEP 2100
FINISHED WRITING RESTART VELOCITIES
SMD  2110 37.7001 36.3064 54.4482 -124.17 -1.45631 -140.59
SMD  2120 37.8514 36.4374 54.4771 -130.278 -1.52794 -147.505
SMD  2130 37.7883 36.3844 54.5308 -130.647 -1.53228 -147.924
SMD  2140 37.8395 36.3546 54.4971 -131.492 -1.54219 -148.881
LDB: ============= START OF LOAD BALANCING ============== 79.2868
LDB: ============== END OF LOAD BALANCING =============== 79.2869
LDB: =============== DONE WITH MIGRATION ================ 79.2872
SMD  2150 37.9141 36.3642 54.5364 -135.586 -1.5902 -153.516
SMD  2160 37.8745 36.3531 54.6111 -137.411 -1.6116 -155.582
SMD  2170 37.9228 36.359 54.4719 -134.543 -1.57797 -152.335
SMD  2180 37.8312 36.3769 54.4085 -130.034 -1.52508 -147.229
SMD  2190 37.687 36.4655 54.5074 -129.548 -1.51938 -146.679
LDB: ============= START OF LOAD BALANCING ============== 81.1135
LDB: ============== END OF LOAD BALANCING =============== 81.1137
LDB: =============== DONE WITH MIGRATION ================ 81.114
SMD  2200 37.6741 36.4594 54.4535 -127.753 -1.49834 -144.647
ENERGY:    2200      1652.1108      4702.1662      6430.1302         0.0000        -154990.2265     13539.3868         0.0000         0.0000     43994.6909         -84671.7416       412.9627   -128666.4325    -84507.3076       410.4606

WRITING EXTENDED SYSTEM TO RESTART FILE AT STEP 2200
WRITING COORDINATES TO DCD FILE smdcv.cdcd AT STEP 2200
WRITING COORDINATES TO RESTART FILE AT STEP 2200
FINISHED WRITING RESTART COORDINATES
WRITING VELOCITIES TO RESTART FILE AT STEP 2200
FINISHED WRITING RESTART VELOCITIES
SMD  2210 37.5715 36.4141 54.3666 -122.077 -1.43176 -138.22
SMD  2220 37.5634 36.3113 54.4017 -123.465 -1.44804 -139.792
SMD  2230 37.7774 36.3733 54.4822 -133.236 -1.56264 -150.855
SMD  2240 37.9367 36.279 54.4334 -136.829 -1.60478 -154.924
SMD  2250 37.9513 36.2575 54.4512 -138.343 -1.62254 -156.637
SMD  2260 38.0055 36.2274 54.3361 -136.473 -1.6006 -154.52
SMD  2270 37.9352 36.3129 54.2868 -133.122 -1.5613 -150.726
SMD  2280 37.9485 36.3701 54.2453 -132.579 -1.55493 -150.111
SMD  2290 37.998 36.3963 54.1441 -131.064 -1.53716 -148.396
SMD  2300 38.0376 36.3353 54.0571 -129.711 -1.5213 -146.864
ENERGY:    2300      1748.8290      4654.6519      6428.1458         0.0000        -156689.4617     13427.7600         0.0000         0.0000     43723.1194         -86706.9556       410.4135   -130430.0750    -86545.1997       410.8438

WRITING EXTENDED SYSTEM TO RESTART FILE AT STEP 2300
WRITING COORDINATES TO DCD FILE smdcv.cdcd AT STEP 2300
WRITING COORDINATES TO RESTART FILE AT STEP 2300
FINISHED WRITING RESTART COORDINATES
WRITING VELOCITIES TO RESTART FILE AT STEP 2300
FINISHED WRITING RESTART VELOCITIES
SMD  2310 37.9525 36.3032 54.1314 -130.13 -1.52621 -147.338
SMD  2320 37.9565 36.2719 54.1669 -131.925 -1.54726 -149.37
SMD  2330 37.9744 36.1592 54.0808 -129.921 -1.52376 -147.101
SMD  2340 37.8041 36.1189 54.1083 -126.131 -1.47931 -142.81
SMD  2350 37.6794 36.1699 54.0067 -119.308 -1.39928 -135.085
SMD  2360 37.5624 36.2702 54.0256 -116.895 -1.37099 -132.353
SMD  2370 37.5615 36.3652 53.9452 -114.588 -1.34393 -129.741
SMD  2380 37.609 36.339 53.8658 -113.746 -1.33405 -128.787
SMD  2390 37.5983 36.2205 53.8164 -112.138 -1.31519 -126.967
SMD  2400 37.5896 36.2521 53.9921 -118.401 -1.38865 -134.058
ENERGY:    2400      1736.8263      4696.3912      6442.6320         0.0000        -154638.9465     13968.6294         0.0000         0.0000     44177.6789         -83616.7886       414.6803   -127794.4676    -83457.9232       413.4789

WRITING EXTENDED SYSTEM TO RESTART FILE AT STEP 2400
WRITING COORDINATES TO DCD FILE smdcv.cdcd AT STEP 2400
WRITING COORDINATES TO RESTART FILE AT STEP 2400
FINISHED WRITING RESTART COORDINATES
WRITING VELOCITIES TO RESTART FILE AT STEP 2400
FINISHED WRITING RESTART VELOCITIES
SMD  2410 37.6196 36.1887 54.0853 -122.962 -1.44214 -139.222
SMD  2420 37.5681 36.0996 53.9791 -118.16 -1.38583 -133.786
SMD  2430 37.5094 36.0179 53.9728 -116.589 -1.3674 -132.007
SMD  2440 37.6571 36.2051 53.9809 -121.894 -1.42962 -138.013
SMD  2450 37.6989 36.2391 54.0553 -126.198 -1.4801 -142.886
SMD  2460 37.7336 36.211 54.0595 -127.85 -1.49947 -144.757
SMD  2470 37.7425 36.1151 54.1433 -131.437 -1.54154 -148.818
SMD  2480 37.8361 36.1172 54.2483 -138.368 -1.62283 -156.666
SMD  2490 37.8558 36.2369 54.289 -140.874 -1.65222 -159.503
SMD  2500 37.8298 36.2881 54.2203 -138.192 -1.62076 -156.466
ENERGY:    2500      1673.9159      4735.8050      6471.4461         0.0000        -148256.1250     13368.9088         0.0000         0.0000     43978.3622         -78027.6871       412.8094   -122006.0493    -77867.2115       413.7541

WRITING EXTENDED SYSTEM TO RESTART FILE AT STEP 2500
WRITING COORDINATES TO DCD FILE smdcv.cdcd AT STEP 2500
WRITING COORDINATES TO RESTART FILE AT STEP 2500
FINISHED WRITING RESTART COORDINATES
WRITING VELOCITIES TO RESTART FILE AT STEP 2500
FINISHED WRITING RESTART VELOCITIES
SMD  2510 37.7521 36.3615 54.1895 -135.25 -1.58627 -153.136
SMD  2520 37.741 36.4156 54.1797 -135.054 -1.58396 -152.913
SMD  2530 37.7697 36.4628 54.0907 -133.336 -1.56381 -150.968
SMD  2540 37.7147 36.4303 54.0378 -130.286 -1.52804 -147.515
SMD  2550 37.689 36.4665 54.1474 -133.756 -1.56874 -151.444
SMD  2560 37.6673 36.4052 54.1217 -132.646 -1.55573 -150.188
SMD  2570 37.6797 36.2591 54.0039 -129.372 -1.51732 -146.48
SMD  2580 37.6972 36.216 54.0805 -132.991 -1.55977 -150.578
SMD  2590 37.7517 36.2318 54.1647 -138.016 -1.6187 -156.267
SMD  2600 37.6275 36.1559 54.0902 -132.098 -1.54929 -149.566
ENERGY:    2600      1707.6008      4726.3487      6443.5668         0.0000        -152061.7651     13365.6217         0.0000         0.0000     44056.3333         -81762.2938       413.5413   -125818.6271    -81599.2842       413.5426

WRITING EXTENDED SYSTEM TO RESTART FILE AT STEP 2600
WRITING COORDINATES TO DCD FILE smdcv.cdcd AT STEP 2600
WRITING COORDINATES TO RESTART FILE AT STEP 2600
FINISHED WRITING RESTART COORDINATES
WRITING VELOCITIES TO RESTART FILE AT STEP 2600
FINISHED WRITING RESTART VELOCITIES
SMD  2610 37.5649 36.1608 54.0055 -127.734 -1.49811 -144.625
SMD  2620 37.415 36.3107 54.0112 -123.88 -1.45291 -140.262
SMD  2630 37.4231 36.427 53.9989 -124.206 -1.45674 -140.631
SMD  2640 37.4888 36.5075 53.8781 -122.532 -1.4371 -138.735
SMD  2650 37.5868 36.4795 53.8172 -123.863 -1.45271 -140.243
SMD  2660 37.5855 36.3884 53.8832 -126.53 -1.484 -143.263
SMD  2670 37.6397 36.3594 53.9296 -130.23 -1.52738 -147.451
SMD  2680 37.5702 36.202 53.9181 -128.117 -1.5026 -145.059
SMD  2690 37.4198 36.1488 53.8511 -121.67 -1.42699 -137.76
SMD  2700 37.3566 36.3135 53.9076 -122.211 -1.43334 -138.372
ENERGY:    2700      1768.0885      4731.4572      6444.3788         0.0000        -144736.5381     13418.8285         0.0000         0.0000     44041.0029         -74332.7821       413.3974   -118373.7851    -74171.6169       414.5863

WRITING EXTENDED SYSTEM TO RESTART FILE AT STEP 2700
WRITING COORDINATES TO DCD FILE smdcv.cdcd AT STEP 2700
WRITING COORDINATES TO RESTART FILE AT STEP 2700
FINISHED WRITING RESTART COORDINATES
WRITING VELOCITIES TO RESTART FILE AT STEP 2700
FINISHED WRITING RESTART VELOCITIES
SMD  2710 37.422 36.3894 53.881 -123.773 -1.45166 -140.141
SMD  2720 37.4039 36.4612 53.7744 -120.036 -1.40782 -135.909
SMD  2730 37.475 36.5147 53.8268 -124.483 -1.45998 -140.944
SMD  2740 37.5948 36.561 53.9929 -134.331 -1.57549 -152.095
SMD  2750 37.6152 36.5796 54.0692 -138.05 -1.6191 -156.305
SMD  2760 37.6581 36.5769 54.1435 -142.376 -1.66984 -161.204
SMD  2770 37.624 36.5194 54.2173 -144.322 -1.69266 -163.407
SMD  2780 37.5422 36.4191 54.2342 -142.839 -1.67527 -161.728
SMD  2790 37.4998 36.4063 54.3641 -146.482 -1.71799 -165.852
SMD  2800 37.3193 36.2533 54.3632 -141.361 -1.65793 -160.054
ENERGY:    2800      1677.3237      4749.9837      6413.1636         0.0000        -151874.0090     13237.6420         0.0000         0.0000     44422.5403         -81373.3556       416.9787   -125795.8959    -81205.7722       414.0577

WRITING EXTENDED SYSTEM TO RESTART FILE AT STEP 2800
WRITING COORDINATES TO DCD FILE smdcv.cdcd AT STEP 2800
WRITING COORDINATES TO RESTART FILE AT STEP 2800
FINISHED WRITING RESTART COORDINATES
WRITING VELOCITIES TO RESTART FILE AT STEP 2800
FINISHED WRITING RESTART VELOCITIES
SMD  2810 37.2674 36.3156 54.3799 -140.837 -1.65179 -159.461
SMD  2820 37.3205 36.3524 54.3108 -140.546 -1.64837 -159.131
SMD  2830 37.2604 36.4236 54.3507 -140.576 -1.64873 -159.166
SMD  2840 37.2196 36.405 54.2148 -135.102 -1.58453 -152.968
SMD  2850 37.3205 36.4717 54.1788 -137.419 -1.6117 -155.591
SMD  2860 37.3098 36.4773 54.0991 -134.809 -1.58109 -152.636
SMD  2870 37.3514 36.5453 54.1454 -138.152 -1.6203 -156.421
SMD  2880 37.4156 36.4885 54.1096 -139.311 -1.63389 -157.733
SMD  2890 37.4954 36.5015 54.0906 -141.55 -1.66015 -160.269
SMD  2900 37.3508 36.4722 54.1449 -139.469 -1.63575 -157.913
ENERGY:    2900      1740.8119      4803.2137      6421.0312         0.0000        -160549.5490     13446.1159         0.0000         0.0000     44426.2778         -89712.0984       417.0138   -134138.3763    -89551.3397       416.1194

WRITING EXTENDED SYSTEM TO RESTART FILE AT STEP 2900
WRITING COORDINATES TO DCD FILE smdcv.cdcd AT STEP 2900
WRITING COORDINATES TO RESTART FILE AT STEP 2900
FINISHED WRITING RESTART COORDINATES
WRITING VELOCITIES TO RESTART FILE AT STEP 2900
FINISHED WRITING RESTART VELOCITIES
SMD  2910 37.3409 36.4889 54.18 -140.848 -1.65191 -159.473
SMD  2920 37.2941 36.4229 54.1374 -138.39 -1.62309 -156.691
SMD  2930 37.3646 36.3764 54.1398 -141.063 -1.65443 -159.717
SMD  2940 37.3972 36.2992 54.2286 -145.547 -1.70703 -164.794
SMD  2950 37.3464 36.2585 54.2217 -144.208 -1.69132 -163.278
SMD  2960 37.4654 36.2639 54.0805 -143.423 -1.68212 -162.389
SMD  2970 37.5722 36.3351 54.007 -144.628 -1.69625 -163.754
SMD  2980 37.5564 36.4021 54.0119 -144.8 -1.69827 -163.949
SMD  2990 37.553 36.4341 54.0449 -146.305 -1.71592 -165.653
SMDTITLE: TS   CURRENT_POSITION         FORCE
SMD  3000 37.6842 36.4681 54.0183 -149.855 -1.75755 -169.672
TIMING: 3000  CPU: 109.732, 0.0366034/step  Wall: 109.732, 0.0366034/step, 0.477878 hours remaining, 114.996094 MB of memory in use.
ETITLE:      TS           BOND          ANGLE          DIHED          IMPRP               ELECT            VDW       BOUNDARY           MISC        KINETIC               TOTAL           TEMP      POTENTIAL         TOTAL3        TEMPAVG

ENERGY:    3000      1757.3841      4789.1523      6467.8781         0.0000        -154468.3080     13362.4030         0.0000         0.0000     44302.3062         -83789.1843       415.8502   -128091.4905    -83624.8209       416.8237

WRITING EXTENDED SYSTEM TO RESTART FILE AT STEP 3000
WRITING COORDINATES TO DCD FILE smdcv.cdcd AT STEP 3000
WRITING COORDINATES TO RESTART FILE AT STEP 3000
FINISHED WRITING RESTART COORDINATES
WRITING VELOCITIES TO DCD FILE AT STEP 3000
WRITING VELOCITIES TO RESTART FILE AT STEP 3000
FINISHED WRITING RESTART VELOCITIES
SMD  3010 37.6018 36.4757 54.0742 -149.739 -1.75619 -169.54
SMD  3020 37.605 36.4733 54.1246 -152.03 -1.78306 -172.135
SMD  3030 37.645 36.4148 54.1862 -155.81 -1.8274 -176.415
SMD  3040 37.6242 36.2984 54.1302 -153.666 -1.80225 -173.986
SMD  3050 37.6419 36.2161 54.2395 -158.402 -1.8578 -179.349
SMD  3060 37.5625 36.2968 54.3252 -159.428 -1.86983 -180.511
SMD  3070 37.4929 36.2375 54.284 -156.328 -1.83347 -177
SMD  3080 37.4546 36.3719 54.2159 -153.321 -1.7982 -173.596
SMD  3090 37.4509 36.4975 54.218 -153.785 -1.80364 -174.121
SMD  3100 37.3501 36.5589 54.1585 -149.148 -1.74927 -168.872
ENERGY:    3100      1763.6339      4787.4110      6476.2850         0.0000        -146428.2101     13389.6075         0.0000         0.0000     44302.0797         -75709.1929       415.8480   -120011.2726    -75543.2499       416.9121

WRITING EXTENDED SYSTEM TO RESTART FILE AT STEP 3100
WRITING COORDINATES TO DCD FILE smdcv.cdcd AT STEP 3100
WRITING COORDINATES TO RESTART FILE AT STEP 3100
FINISHED WRITING RESTART COORDINATES
WRITING VELOCITIES TO RESTART FILE AT STEP 3100
FINISHED WRITING RESTART VELOCITIES
SMD  3110 37.5207 36.6082 54.0238 -150.177 -1.76133 -170.037
SMD  3120 37.4946 36.6152 54.0487 -150.703 -1.7675 -170.632
SMD  3130 37.4557 36.4934 54.0284 -149.235 -1.75028 -168.97
SMD  3140 37.5927 36.3927 54.1712 -158.754 -1.86193 -179.748
SMD  3150 37.6578 36.2197 54.2673 -164.448 -1.9287 -186.194
SMD  3160 37.6149 35.9826 54.2992 -164.614 -1.93065 -186.382
SMD  3170 37.5836 35.8942 54.3267 -165.037 -1.93561 -186.861
SMD  3180 37.5365 35.9475 54.3595 -165.213 -1.93768 -187.06
SMD  3190 37.4473 36.0205 54.3367 -162.197 -1.90231 -183.646
SMD  3200 37.5025 35.9166 54.3605 -165.12 -1.93659 -186.955
ENERGY:    3200      1728.0824      4788.2398      6499.0628         0.0000        -157482.5804     13450.4867         0.0000         0.0000     44712.8911         -86303.8176       419.7042   -131016.7086    -86137.5312       417.7192

WRITING EXTENDED SYSTEM TO RESTART FILE AT STEP 3200
WRITING COORDINATES TO DCD FILE smdcv.cdcd AT STEP 3200
WRITING COORDINATES TO RESTART FILE AT STEP 3200
FINISHED WRITING RESTART COORDINATES
WRITING VELOCITIES TO RESTART FILE AT STEP 3200
FINISHED WRITING RESTART VELOCITIES
SMD  3210 37.532 35.8879 54.397 -167.728 -1.96718 -189.908
SMD  3220 37.5915 36.0145 54.2904 -166.37 -1.95125 -188.37
SMD  3230 37.6023 36.1916 54.2154 -164.633 -1.93088 -186.404
SMD  3240 37.5205 36.3673 54.1204 -159.393 -1.86942 -180.471
SMD  3250 37.5808 36.5398 53.9985 -157.548 -1.84778 -178.382
SMD  3260 37.679 36.6732 53.9554 -159.56 -1.87138 -180.66
SMD  3270 37.691 36.8293 54.0162 -162.539 -1.90632 -184.033
SMD  3280 37.72 36.8554 53.9552 -161.787 -1.8975 -183.182
SMD  3290 37.7599 36.8833 53.9436 -163.072 -1.91256 -184.636
SMD  3300 37.6289 36.8973 54.0514 -163.265 -1.91483 -184.855
ENERGY:    3300      1700.1838      4818.7762      6512.1208         0.0000        -162242.2339     13291.4110         0.0000         0.0000     44513.0837         -91406.6584       417.8286   -135919.7421    -91242.4686       419.1256

WRITING EXTENDED SYSTEM TO RESTART FILE AT STEP 3300
WRITING COORDINATES TO DCD FILE smdcv.cdcd AT STEP 3300
WRITING COORDINATES TO RESTART FILE AT STEP 3300
FINISHED WRITING RESTART COORDINATES
WRITING VELOCITIES TO RESTART FILE AT STEP 3300
FINISHED WRITING RESTART VELOCITIES
SMD  3310 37.6078 36.8489 54.1665 -167.035 -1.95905 -189.124
SMD  3320 37.5215 36.6974 54.1474 -164.153 -1.92524 -185.86
SMD  3330 37.5891 36.6199 54.1381 -166.323 -1.95069 -188.317
SMD  3340 37.6133 36.6212 54.0852 -165.694 -1.94332 -187.605
SMD  3350 37.6611 36.6371 54.032 -165.781 -1.94434 -187.704
SMD  3360 37.6069 36.5958 53.9806 -162.804 -1.90943 -184.333
SMD  3370 37.5511 36.5551 53.8989 -158.737 -1.86172 -179.728
SMD  3380 37.5677 36.5236 53.9166 -160.301 -1.88007 -181.499
SMD  3390 37.6294 36.5396 54.027 -166.45 -1.95219 -188.461
SMD  3400 37.6017 36.5184 54.0233 -165.932 -1.94611 -187.874
ENERGY:    3400      1716.1757      4872.6894      6530.3689         0.0000        -145890.6376     13448.4262         0.0000         0.0000     44775.6586         -74547.3189       420.2933   -119322.9775    -74382.5659       418.6420

WRITING EXTENDED SYSTEM TO RESTART FILE AT STEP 3400
WRITING COORDINATES TO DCD FILE smdcv.cdcd AT STEP 3400
WRITING COORDINATES TO RESTART FILE AT STEP 3400
FINISHED WRITING RESTART COORDINATES
WRITING VELOCITIES TO RESTART FILE AT STEP 3400
FINISHED WRITING RESTART VELOCITIES
SMD  3410 37.8284 36.4709 54.0625 -174.63 -2.04812 -197.723
SMD  3420 37.929 36.5111 54.0676 -178.341 -2.09165 -201.925
SMD  3430 37.9748 36.4687 54.0704 -180.276 -2.11434 -204.115
SMD  3440 37.9481 36.5005 54.1006 -180.976 -2.12255 -204.908
SMD  3450 37.8107 36.385 54.1471 -178.815 -2.0972 -202.461
SMD  3460 37.8079 36.3428 54.0608 -176.197 -2.0665 -199.497
SMD  3470 37.7995 36.3079 53.9302 -171.887 -2.01595 -194.617
SMD  3480 37.5834 36.4374 53.9163 -165.335 -1.93911 -187.199
SMD  3490 37.6554 36.612 53.9145 -167.987 -1.97022 -190.202
SMD  3500 37.7079 36.6877 53.846 -167.714 -1.96701 -189.893
ENERGY:    3500      1701.3182      4869.4644      6516.6667         0.0000        -151713.2990     13355.8541         0.0000         0.0000     44844.6547         -80425.3408       420.9410   -125269.9955    -80259.8257       420.4576

WRITING EXTENDED SYSTEM TO RESTART FILE AT STEP 3500
WRITING COORDINATES TO DCD FILE smdcv.cdcd AT STEP 3500
WRITING COORDINATES TO RESTART FILE AT STEP 3500
FINISHED WRITING RESTART COORDINATES
WRITING VELOCITIES TO RESTART FILE AT STEP 3500
FINISHED WRITING RESTART VELOCITIES
SMD  3510 37.7332 36.6977 53.7814 -166.718 -1.95533 -188.765
SMD  3520 37.7704 36.6717 53.7611 -167.603 -1.96571 -189.767
SMD  3530 37.7683 36.6761 53.822 -170.102 -1.99501 -192.596
SMD  3540 37.7329 36.6191 53.7173 -165.854 -1.94519 -187.786
SMD  3550 37.7041 36.566 53.6616 -163.497 -1.91756 -185.118
SMD  3560 37.583 36.5901 53.6398 -159.528 -1.871 -180.624
SMD  3570 37.5806 36.689 53.7519 -163.814 -1.92128 -185.477
SMD  3580 37.6285 36.6946 53.7179 -164.56 -1.93002 -186.321
SMD  3590 37.7205 36.7143 53.644 -165.282 -1.93849 -187.139
SMD  3600 37.7988 36.7397 53.6701 -169.032 -1.98246 -191.384
ENERGY:    3600      1721.6224      4813.2302      6494.8189         0.0000        -149510.9931     13348.3356         0.0000         0.0000     44786.3796         -78346.6063       420.3940   -123132.9859    -78183.5323       420.8449

WRITING EXTENDED SYSTEM TO RESTART FILE AT STEP 3600
WRITING COORDINATES TO DCD FILE smdcv.cdcd AT STEP 3600
WRITING COORDINATES TO RESTART FILE AT STEP 3600
FINISHED WRITING RESTART COORDINATES
WRITING VELOCITIES TO RESTART FILE AT STEP 3600
FINISHED WRITING RESTART VELOCITIES
SMD  3610 37.786 36.8461 53.7077 -170.439 -1.99898 -192.978
SMD  3620 37.8949 36.7774 53.8735 -179.903 -2.10997 -203.694
SMD  3630 37.891 36.5793 53.9415 -182.521 -2.14068 -206.658
SMD  3640 37.8705 36.3596 53.9938 -184.081 -2.15897 -208.424
SMD  3650 37.9789 36.3992 53.914 -185.103 -2.17096 -209.581
SMD  3660 37.9108 36.4473 53.8511 -181.338 -2.12679 -205.318
SMD  3670 37.8775 36.5126 53.8252 -179.914 -2.1101 -203.706
SMD  3680 37.8404 36.4009 53.887 -181.337 -2.12678 -205.317
SMD  3690 37.7924 36.2528 53.9197 -181.409 -2.12763 -205.398
SMD  3700 37.7908 36.1329 53.9351 -182.307 -2.13816 -206.415
ENERGY:    3700      1776.0574      4835.4049      6487.6211         0.0000        -143788.9860     13013.5918         0.0000         0.0000     44955.5367         -72720.7739       421.9818   -117676.3107    -72555.7107       421.3331

WRITING EXTENDED SYSTEM TO RESTART FILE AT STEP 3700
WRITING COORDINATES TO DCD FILE smdcv.cdcd AT STEP 3700
WRITING COORDINATES TO RESTART FILE AT STEP 3700
FINISHED WRITING RESTART COORDINATES
WRITING VELOCITIES TO RESTART FILE AT STEP 3700
FINISHED WRITING RESTART VELOCITIES
SMD  3710 37.6937 36.0794 54.0558 -183.955 -2.15749 -208.281
SMD  3720 37.6687 36.1719 54.0267 -182.684 -2.14258 -206.842
SMD  3730 37.8575 36.326 54.0279 -188.986 -2.2165 -213.978
SMD  3740 37.913 36.5894 53.9101 -187.168 -2.19517 -211.919
SMD  3750 37.856 36.6705 54.0039 -189.155 -2.21848 -214.169
SMD  3760 37.8977 36.5528 54.0309 -191.774 -2.2492 -217.134
SMD  3770 37.8597 36.3777 54.0276 -190.901 -2.23896 -216.146
SMD  3780 37.814 36.1631 54.0459 -190.524 -2.23453 -215.718
SMD  3790 37.6879 36.1004 54.1313 -190.066 -2.22917 -215.2
SMD  3800 37.641 35.997 54.0987 -187.939 -2.20421 -212.792
ENERGY:    3800      1770.9740      4872.9559      6526.1597         0.0000        -142789.9491     13239.7043         0.0000         0.0000     44681.4248         -71698.7305       419.4088   -116380.1553    -71534.6833       420.6093

WRITING EXTENDED SYSTEM TO RESTART FILE AT STEP 3800
WRITING COORDINATES TO DCD FILE smdcv.cdcd AT STEP 3800
WRITING COORDINATES TO RESTART FILE AT STEP 3800
FINISHED WRITING RESTART COORDINATES
WRITING VELOCITIES TO RESTART FILE AT STEP 3800
FINISHED WRITING RESTART VELOCITIES
SMD  3810 37.6847 36.0878 54.0071 -186.602 -2.18854 -211.278
SMD  3820 37.6785 36.2401 53.9412 -184.656 -2.16572 -209.075
SMD  3830 37.6744 36.4168 53.9212 -184.363 -2.16228 -208.743
SMD  3840 37.7595 36.5829 53.847 -184.918 -2.16879 -209.372
SMD  3850 37.8855 36.7068 53.8768 -190.284 -2.23172 -215.447
SMD  3860 37.911 36.855 53.8521 -190.723 -2.23687 -215.945
SMD  3870 37.7975 36.8204 53.8291 -186.924 -2.19231 -211.643
SMD  3880 37.741 36.6994 53.7039 -181.302 -2.12638 -205.278
SMD  3890 37.8042 36.5511 53.7322 -184.61 -2.16517 -209.022
SMD  3900 37.6755 36.4012 53.8559 -185.362 -2.17399 -209.874
ENERGY:    3900      1735.7253      4864.3119      6498.2800         0.0000        -147405.6477     13071.1071         0.0000         0.0000     45153.3989         -76082.8243       423.8391   -121236.2233    -75916.4268       421.6636

WRITING EXTENDED SYSTEM TO RESTART FILE AT STEP 3900
WRITING COORDINATES TO DCD FILE smdcv.cdcd AT STEP 3900
WRITING COORDINATES TO RESTART FILE AT STEP 3900
FINISHED WRITING RESTART COORDINATES
WRITING VELOCITIES TO RESTART FILE AT STEP 3900
FINISHED WRITING RESTART VELOCITIES
SMD  3910 37.7571 36.2545 53.9326 -190.897 -2.23891 -216.141
SMD  3920 37.717 36.1321 53.9053 -189.151 -2.21844 -214.165
SMD  3930 37.7406 36.1528 53.8938 -189.94 -2.22769 -215.057
SMD  3940 37.7826 36.2865 54.0006 -195.409 -2.29183 -221.25
SMD  3950 37.6917 36.3416 53.9193 -190.319 -2.23214 -215.487
SMD  3960 37.6728 36.4481 53.8672 -188.446 -2.21016 -213.366
SMD  3970 37.623 36.4173 53.8501 -186.79 -2.19074 -211.491
SMD  3980 37.6439 36.3388 53.9511 -191.337 -2.24407 -216.64
SMD  3990 37.6792 36.2123 53.9345 -192.257 -2.25486 -217.681
SMDTITLE: TS   CURRENT_POSITION         FORCE
SMD  4000 37.8245 36.1236 53.8795 -195.211 -2.28951 -221.026
TIMING: 4000  CPU: 146.385, 0.036653/step  Wall: 146.385, 0.036653/step, 0.468344 hours remaining, 110.128906 MB of memory in use.
ETITLE:      TS           BOND          ANGLE          DIHED          IMPRP               ELECT            VDW       BOUNDARY           MISC        KINETIC               TOTAL           TEMP      POTENTIAL         TOTAL3        TEMPAVG

ENERGY:    4000      1747.0932      4835.6917      6517.6582         0.0000        -156915.6500     13135.5720         0.0000         0.0000     44872.6138         -85807.0211       421.2034   -130679.6349    -85643.2313       423.2385

WRITING EXTENDED SYSTEM TO RESTART FILE AT STEP 4000
WRITING COORDINATES TO DCD FILE smdcv.cdcd AT STEP 4000
WRITING COORDINATES TO RESTART FILE AT STEP 4000
FINISHED WRITING RESTART COORDINATES
WRITING VELOCITIES TO DCD FILE AT STEP 4000
WRITING VELOCITIES TO RESTART FILE AT STEP 4000
FINISHED WRITING RESTART VELOCITIES
SMD  4010 37.8891 36.0923 53.8044 -195.039 -2.28749 -220.831
SMD  4020 37.8638 36.1306 53.8397 -195.961 -2.2983 -221.875
SMD  4030 37.8079 36.2646 53.8431 -194.882 -2.28565 -220.653
SMD  4040 37.8669 36.3204 53.7245 -193.068 -2.26438 -218.6
SMD  4050 37.8034 36.3389 53.5924 -187.047 -2.19376 -211.782
SMD  4060 37.734 36.3949 53.6376 -186.974 -2.1929 -211.699
SMD  4070 37.7355 36.3426 53.745 -191.163 -2.24203 -216.442
SMD  4080 37.7324 36.2309 53.6789 -189.211 -2.21914 -214.232
SMD  4090 37.818 36.13 53.7782 -195.665 -2.29483 -221.54
SMD  4100 37.8742 36.0606 53.8501 -200.287 -2.34904 -226.773
ENERGY:    4100      1769.9033      4875.5230      6498.1800         0.0000        -156774.7476     12799.9901         0.0000         0.0000     45207.9767         -85623.1744       424.3514   -130831.1512    -85453.4178       424.4386

WRITING EXTENDED SYSTEM TO RESTART FILE AT STEP 4100
WRITING COORDINATES TO DCD FILE smdcv.cdcd AT STEP 4100
WRITING COORDINATES TO RESTART FILE AT STEP 4100
FINISHED WRITING RESTART COORDINATES
WRITING VELOCITIES TO RESTART FILE AT STEP 4100
FINISHED WRITING RESTART VELOCITIES
SMD  4110 37.9423 36.1343 53.9288 -205.56 -2.41089 -232.744
SMD  4120 38.047 36.1271 53.9595 -210.264 -2.46606 -238.07
SMD  4130 37.918 36.219 53.8682 -203.682 -2.38886 -230.617
SMD  4140 37.8153 36.3052 53.8866 -201.68 -2.36538 -228.35
LDB: ============= START OF LOAD BALANCING ============== 152.549
LDB: ============== END OF LOAD BALANCING =============== 152.557
LDB: =============== DONE WITH MIGRATION ================ 152.559
SMD  4150 37.8801 36.485 53.8926 -204.384 -2.39709 -231.411
SMD  4160 37.7645 36.5456 53.7833 -197.578 -2.31727 -223.706
SMD  4170 37.798 36.5953 53.686 -195.723 -2.29551 -221.605
SMD  4180 37.7011 36.6758 53.7242 -194.577 -2.28207 -220.308
SMD  4190 37.5899 36.7807 53.6802 -190.173 -2.23042 -215.321
LDB: ============= START OF LOAD BALANCING ============== 154.387
LDB: ============== END OF LOAD BALANCING =============== 154.388
LDB: =============== DONE WITH MIGRATION ================ 154.389
SMD  4200 37.6003 36.794 53.6348 -189.388 -2.22121 -214.432
ENERGY:    4200      1781.4057      4952.8552      6463.7956         0.0000        -148981.5319     13395.6436         0.0000         0.0000     45462.0275         -76925.8042       426.7360   -122387.8318    -76755.5868       425.5114

WRITING EXTENDED SYSTEM TO RESTART FILE AT STEP 4200
WRITING COORDINATES TO DCD FILE smdcv.cdcd AT STEP 4200
WRITING COORDINATES TO RESTART FILE AT STEP 4200
FINISHED WRITING RESTART COORDINATES
WRITING VELOCITIES TO RESTART FILE AT STEP 4200
FINISHED WRITING RESTART VELOCITIES
SMD  4210 37.4971 36.7359 53.628 -186.451 -2.18676 -211.107
SMD  4220 37.5355 36.7169 53.6674 -189.43 -2.2217 -214.48
SMD  4230 37.6062 36.5931 53.6774 -192.345 -2.25589 -217.78
SMD  4240 37.6609 36.5182 53.6529 -193.598 -2.27059 -219.2
SMD  4250 37.8103 36.3822 53.6466 -198.343 -2.32624 -224.572
SMD  4260 37.8105 36.2855 53.7014 -200.663 -2.35345 -227.199
SMD  4270 37.8009 36.2722 53.7426 -202.247 -2.37202 -228.992
SMD  4280 37.8474 36.298 53.722 -203.42 -2.38579 -230.32
SMD  4290 37.8285 36.2662 53.6059 -199.292 -2.33737 -225.646
SMD  4300 37.8116 36.4105 53.6427 -200.556 -2.3522 -227.078
ENERGY:    4300      1900.0127      4885.3800      6534.6714         0.0000        -147425.7236     13553.9610         0.0000         0.0000     45376.4720         -75175.2264       425.9330   -120551.6984    -75008.9361       426.0482

WRITING EXTENDED SYSTEM TO RESTART FILE AT STEP 4300
WRITING COORDINATES TO DCD FILE smdcv.cdcd AT STEP 4300
WRITING COORDINATES TO RESTART FILE AT STEP 4300
FINISHED WRITING RESTART COORDINATES
WRITING VELOCITIES TO RESTART FILE AT STEP 4300
FINISHED WRITING RESTART VELOCITIES
SMD  4310 37.8268 36.4631 53.671 -202.476 -2.37471 -229.251
SMD  4320 37.7689 36.5021 53.6722 -201.226 -2.36006 -227.836
SMD  4330 37.7868 36.496 53.7188 -203.835 -2.39066 -230.791
SMD  4340 37.6187 36.4061 53.7456 -200.069 -2.34648 -226.526
SMD  4350 37.6218 36.3326 53.8493 -204.17 -2.39458 -231.169
SMD  4360 37.6859 36.3288 53.8654 -207.136 -2.42937 -234.527
SMD  4370 37.7193 36.2372 53.8565 -208.272 -2.44269 -235.814
SMD  4380 37.8335 36.3006 53.7616 -208.961 -2.45077 -236.594
SMD  4390 37.9062 36.3242 53.7633 -211.702 -2.48292 -239.697
SMD  4400 37.9336 36.381 53.7023 -210.912 -2.47366 -238.803
ENERGY:    4400      1856.7877      4808.7372      6503.8111         0.0000        -160687.6053     13198.6003         0.0000         0.0000     45572.3283         -88747.3407       427.7714   -134319.6690    -88577.1966       427.0384

WRITING EXTENDED SYSTEM TO RESTART FILE AT STEP 4400
WRITING COORDINATES TO DCD FILE smdcv.cdcd AT STEP 4400
WRITING COORDINATES TO RESTART FILE AT STEP 4400
FINISHED WRITING RESTART COORDINATES
WRITING VELOCITIES TO RESTART FILE AT STEP 4400
FINISHED WRITING RESTART VELOCITIES
SMD  4410 37.9885 36.3782 53.614 -210.003 -2.46299 -237.774
SMD  4420 37.8709 36.31 53.4517 -201.259 -2.36044 -227.874
SMD  4430 37.8642 36.2791 53.3951 -199.556 -2.34047 -225.945
SMD  4440 37.7965 36.2855 53.2322 -192.34 -2.25584 -217.775
SMD  4450 37.6989 36.195 53.1888 -188.301 -2.20846 -213.201
SMD  4460 37.7164 36.1352 53.1559 -188.137 -2.20655 -213.017
SMD  4470 37.7773 36.183 53.1337 -189.704 -2.22491 -214.79
SMD  4480 37.8187 36.1478 53.1193 -190.914 -2.23911 -216.16
SMD  4490 37.7765 36.1287 53.1379 -190.726 -2.23691 -215.948
SMD  4500 37.6642 36.2263 53.1493 -188.194 -2.2072 -213.08
ENERGY:    4500      1815.2831      4911.6922      6534.1823         0.0000        -162256.7775     13067.3692         0.0000         0.0000     45567.4856         -90360.7651       427.7259   -135928.2507    -90188.2841       426.7774

WRITING EXTENDED SYSTEM TO RESTART FILE AT STEP 4500
WRITING COORDINATES TO DCD FILE smdcv.cdcd AT STEP 4500
WRITING COORDINATES TO RESTART FILE AT STEP 4500
FINISHED WRITING RESTART COORDINATES
WRITING VELOCITIES TO RESTART FILE AT STEP 4500
FINISHED WRITING RESTART VELOCITIES
SMD  4510 37.6047 36.1511 53.1663 -187.402 -2.19792 -212.184
SMD  4520 37.4614 36.2453 53.2232 -185.495 -2.17556 -210.025
SMD  4530 37.3928 36.2263 53.1936 -182.838 -2.14439 -207.016
SMD  4540 37.4631 36.2699 53.3959 -192.425 -2.25683 -217.871
SMD  4550 37.4921 36.3219 53.4349 -195.132 -2.28858 -220.936
SMD  4560 37.638 36.3956 53.5631 -204.48 -2.39822 -231.52
SMD  4570 37.6138 36.3641 53.4946 -201.831 -2.36714 -228.521
SMD  4580 37.529 36.5139 53.5008 -199.976 -2.34539 -226.421
SMD  4590 37.5235 36.4932 53.4664 -199.076 -2.33484 -225.402
SMD  4600 37.4619 36.4998 53.4163 -195.937 -2.29802 -221.847
ENERGY:    4600      1819.3145      4893.9722      6480.9709         0.0000        -150352.8820     12888.0595         0.0000         0.0000     45661.0440         -78609.5208       428.6041   -124270.5648    -78441.0559       428.2591

WRITING EXTENDED SYSTEM TO RESTART FILE AT STEP 4600
WRITING COORDINATES TO DCD FILE smdcv.cdcd AT STEP 4600
WRITING COORDINATES TO RESTART FILE AT STEP 4600
FINISHED WRITING RESTART COORDINATES
WRITING VELOCITIES TO RESTART FILE AT STEP 4600
FINISHED WRITING RESTART VELOCITIES
SMD  4610 37.5312 36.5328 53.4591 -199.989 -2.34555 -226.436
SMD  4620 37.5883 36.5008 53.5414 -205.015 -2.40449 -232.126
SMD  4630 37.6499 36.4907 53.5365 -207.181 -2.42989 -234.578
SMD  4640 37.6887 36.4794 53.5546 -209.441 -2.4564 -237.138
SMD  4650 37.5952 36.4157 53.6519 -210.386 -2.46748 -238.207
SMD  4660 37.4688 36.2907 53.5249 -202.574 -2.37587 -229.363
SMD  4670 37.4199 36.1805 53.5309 -201.712 -2.36575 -228.386
SMD  4680 37.3966 36.0161 53.5905 -203.459 -2.38624 -230.364
SMD  4690 37.4815 36.0776 53.6616 -208.974 -2.45092 -236.609
SMD  4700 37.7031 36.0144 53.6806 -216.815 -2.54288 -245.486
ENERGY:    4700      1832.3553      4941.8347      6557.3930         0.0000        -147462.9444     13042.3633         0.0000         0.0000     45713.2475         -75375.7506       429.0942   -121088.9981    -75206.6758       428.8136

WRITING EXTENDED SYSTEM TO RESTART FILE AT STEP 4700
WRITING COORDINATES TO DCD FILE smdcv.cdcd AT STEP 4700
WRITING COORDINATES TO RESTART FILE AT STEP 4700
FINISHED WRITING RESTART COORDINATES
WRITING VELOCITIES TO RESTART FILE AT STEP 4700
FINISHED WRITING RESTART VELOCITIES
SMD  4710 37.7249 36.1274 53.7926 -221.84 -2.60182 -251.176
SMD  4720 37.7385 36.2115 53.8292 -224.007 -2.62724 -253.63
SMD  4730 37.6597 36.2564 53.9095 -224.851 -2.63713 -254.585
SMD  4740 37.6641 36.2636 53.9455 -226.686 -2.65865 -256.662
SMD  4750 37.592 36.2518 53.9846 -226.299 -2.65412 -256.225
SMD  4760 37.5719 36.0995 53.9813 -225.976 -2.65033 -255.859
SMD  4770 37.5094 36.0803 54.0047 -225.335 -2.64281 -255.133
SMD  4780 37.5107 36.0545 53.9683 -224.568 -2.63382 -254.265
SMD  4790 37.4426 35.9802 53.8241 -217.958 -2.55629 -246.781
SMD  4800 37.3696 36.1477 53.8132 -215.881 -2.53193 -244.429
ENERGY:    4800      1779.2167      4924.0341      6547.7236         0.0000        -149643.8413     13220.7270         0.0000         0.0000     45650.7536         -77521.3862       428.5076   -123172.1398    -77354.4741       429.2721

WRITING EXTENDED SYSTEM TO RESTART FILE AT STEP 4800
WRITING COORDINATES TO DCD FILE smdcv.cdcd AT STEP 4800
WRITING COORDINATES TO RESTART FILE AT STEP 4800
FINISHED WRITING RESTART COORDINATES
WRITING VELOCITIES TO RESTART FILE AT STEP 4800
FINISHED WRITING RESTART VELOCITIES
SMD  4810 37.2757 36.237 53.7107 -209.977 -2.46269 -237.745
SMD  4820 37.3481 36.3134 53.6449 -210.402 -2.46767 -238.226
SMD  4830 37.4584 36.3603 53.5077 -209.509 -2.4572 -237.215
SMD  4840 37.5033 36.3223 53.5261 -211.956 -2.48589 -239.985
SMD  4850 37.4933 36.2987 53.4333 -208.901 -2.45007 -236.526
SMD  4860 37.4283 36.3313 53.4799 -209.002 -2.45126 -236.641
SMD  4870 37.409 36.3287 53.3783 -205.374 -2.4087 -232.532
SMD  4880 37.3963 36.3628 53.3091 -203.073 -2.38171 -229.927
SMD  4890 37.279 36.4969 53.3097 -200.029 -2.34601 -226.481
SMD  4900 37.3089 36.5558 53.3261 -201.987 -2.36898 -228.698
ENERGY:    4900      1882.5469      5052.3413      6517.3950         0.0000        -149243.2048     13049.0503         0.0000         0.0000     45879.8189         -76862.0524       430.6577   -122741.8713    -76690.2542       429.5629

WRITING EXTENDED SYSTEM TO RESTART FILE AT STEP 4900
WRITING COORDINATES TO DCD FILE smdcv.cdcd AT STEP 4900
WRITING COORDINATES TO RESTART FILE AT STEP 4900
FINISHED WRITING RESTART COORDINATES
WRITING VELOCITIES TO RESTART FILE AT STEP 4900
FINISHED WRITING RESTART VELOCITIES
SMD  4910 37.2116 36.5998 53.327 -199.529 -2.34015 -225.915
SMD  4920 37.1774 36.6284 53.4657 -203.739 -2.38953 -230.682
SMD  4930 37.1968 36.635 53.677 -212.077 -2.48732 -240.122
SMD  4940 37.3043 36.6088 53.6152 -213.67 -2.506 -241.925
SMD  4950 37.2576 36.6186 53.7304 -216.683 -2.54133 -245.337
SMD  4960 37.158 36.6124 53.79 -216.161 -2.53522 -244.747
SMD  4970 37.1545 36.7356 53.7667 -215.755 -2.53045 -244.286
SMD  4980 37.1022 36.7261 53.7485 -213.995 -2.50981 -242.294
SMD  4990 37.0756 36.7516 53.7896 -215.067 -2.52239 -243.508
SMDTITLE: TS   CURRENT_POSITION         FORCE
SMD  5000 37.0729 36.7578 53.7266 -213.277 -2.50139 -241.481
TIMING: 5000  CPU: 183.015, 0.0366292/step  Wall: 183.015, 0.0366292/step, 0.457864 hours remaining, 110.968750 MB of memory in use.
ETITLE:      TS           BOND          ANGLE          DIHED          IMPRP               ELECT            VDW       BOUNDARY           MISC        KINETIC               TOTAL           TEMP      POTENTIAL         TOTAL3        TEMPAVG

ENERGY:    5000      1810.7854      4886.8953      6551.6960         0.0000        -153944.9904     13149.9317         0.0000         0.0000     45912.8826         -81632.7995       430.9681   -127545.6821    -81459.3243       430.9726

WRITING EXTENDED SYSTEM TO RESTART FILE AT STEP 5000
WRITING COORDINATES TO DCD FILE smdcv.cdcd AT STEP 5000
WRITING COORDINATES TO RESTART FILE AT STEP 5000
FINISHED WRITING RESTART COORDINATES
WRITING VELOCITIES TO DCD FILE AT STEP 5000
WRITING VELOCITIES TO RESTART FILE AT STEP 5000
FINISHED WRITING RESTART VELOCITIES
SMD  5010 37.1099 36.7234 53.6697 -212.89 -2.49685 -241.042
SMD  5020 37.0991 36.8359 53.7159 -214.653 -2.51753 -243.039
SMD  5030 37.2321 36.8692 53.6185 -215.82 -2.53121 -244.36
SMD  5040 37.2792 36.7574 53.5921 -216.761 -2.54225 -245.425
SMD  5050 37.3145 36.6453 53.5278 -216.04 -2.5338 -244.609
SMD  5060 37.2411 36.5658 53.5442 -214.803 -2.51929 -243.209
SMD  5070 37.2103 36.4138 53.4662 -211.581 -2.4815 -239.561
SMD  5080 37.2229 36.5181 53.5225 -214.401 -2.51458 -242.754
SMD  5090 37.1493 36.393 53.3682 -207.257 -2.43078 -234.664
SMD  5100 37.2769 36.3298 53.3686 -211.596 -2.48167 -239.577
ENERGY:    5100      1846.5466      4981.0028      6470.1747         0.0000        -141045.1096     12747.2232         0.0000         0.0000     45856.8985         -69143.2637       430.4426   -115000.1622    -68969.3221       431.4188

WRITING EXTENDED SYSTEM TO RESTART FILE AT STEP 5100
WRITING COORDINATES TO DCD FILE smdcv.cdcd AT STEP 5100
WRITING COORDINATES TO RESTART FILE AT STEP 5100
FINISHED WRITING RESTART COORDINATES
WRITING VELOCITIES TO RESTART FILE AT STEP 5100
FINISHED WRITING RESTART VELOCITIES
SMD  5110 37.1993 36.294 53.3555 -209.227 -2.45389 -236.895
SMD  5120 37.189 36.325 53.4691 -213.3 -2.50166 -241.507
SMD  5130 37.2137 36.3894 53.3442 -210.232 -2.46567 -238.032
SMD  5140 37.1277 36.5455 53.2895 -206.242 -2.41888 -233.516
SMD  5150 37.0355 36.5942 53.202 -200.897 -2.35619 -227.463
SMD  5160 37.0678 36.6982 53.1177 -199.469 -2.33944 -225.846
SMD  5170 36.893 36.7179 53.0405 -191.954 -2.2513 -217.338
SMD  5180 36.9396 36.726 53.1967 -199.222 -2.33655 -225.567
SMD  5190 37.0602 36.6846 53.2247 -204.303 -2.39614 -231.319
SMD  5200 37.1023 36.6093 53.259 -207.198 -2.4301 -234.598
ENERGY:    5200      1879.5642      4929.9803      6524.5929         0.0000        -157761.3253     13003.4617         0.0000         0.0000     46088.7297         -85334.9964       432.6187   -131423.7261    -85163.7617       431.7196

WRITING EXTENDED SYSTEM TO RESTART FILE AT STEP 5200
WRITING COORDINATES TO DCD FILE smdcv.cdcd AT STEP 5200
WRITING COORDINATES TO RESTART FILE AT STEP 5200
FINISHED WRITING RESTART COORDINATES
WRITING VELOCITIES TO RESTART FILE AT STEP 5200
FINISHED WRITING RESTART VELOCITIES
SMD  5210 37.0773 36.6494 53.2438 -206.387 -2.42058 -233.679
SMD  5220 36.8909 36.7116 53.1695 -198.633 -2.32964 -224.901
SMD  5230 36.8363 36.7135 53.2489 -200.171 -2.34768 -226.642
SMD  5240 36.7418 36.6761 53.4116 -203.349 -2.38495 -230.24
SMD  5250 36.7951 36.6921 53.6468 -213.543 -2.50451 -241.781
SMD  5260 36.8963 36.5729 53.7564 -220.821 -2.58987 -250.022
SMD  5270 36.9191 36.5978 53.8931 -226.697 -2.65879 -256.675
SMD  5280 36.9129 36.7017 53.9251 -228.109 -2.67535 -258.274
SMD  5290 36.9307 36.817 54.0093 -232.051 -2.72158 -262.738
SMD  5300 36.9137 36.8319 53.8829 -227.644 -2.6699 -257.748
ENERGY:    5300      1841.0241      4986.9986      6521.4420         0.0000        -148694.5947     12900.5607         0.0000         0.0000     46248.7732         -76195.7961       434.1210   -122444.5693    -76022.2425       433.1317

WRITING EXTENDED SYSTEM TO RESTART FILE AT STEP 5300
WRITING COORDINATES TO DCD FILE smdcv.cdcd AT STEP 5300
WRITING COORDINATES TO RESTART FILE AT STEP 5300
FINISHED WRITING RESTART COORDINATES
WRITING VELOCITIES TO RESTART FILE AT STEP 5300
FINISHED WRITING RESTART VELOCITIES
SMD  5310 36.99 36.7658 53.916 -231.542 -2.71561 -262.161
SMD  5320 37.0197 36.6711 53.9816 -235.135 -2.75775 -266.229
SMD  5330 36.9519 36.5775 54.0781 -236.825 -2.77757 -268.142
SMD  5340 37.0012 36.4634 54.0446 -237.59 -2.78654 -269.009
SMD  5350 37.0074 36.3973 53.9853 -236.17 -2.76989 -267.401
SMD  5360 37.0855 36.5017 53.9447 -237.646 -2.7872 -269.072
SMD  5370 37.1437 36.5562 54.0107 -242.17 -2.84025 -274.194
SMD  5380 37.1542 36.6208 53.9426 -240.627 -2.82216 -272.447
SMD  5390 37.1575 36.5533 53.8513 -238.016 -2.79153 -269.491
SMD  5400 37.1028 36.4842 53.9127 -238.904 -2.80196 -270.497
ENERGY:    5400      1784.0242      4952.0311      6569.8638         0.0000        -135214.3887     12699.8936         0.0000         0.0000     46247.9261         -62960.6499       434.1130   -109208.5759    -62785.3128       433.2895

WRITING EXTENDED SYSTEM TO RESTART FILE AT STEP 5400
WRITING COORDINATES TO DCD FILE smdcv.cdcd AT STEP 5400
WRITING COORDINATES TO RESTART FILE AT STEP 5400
FINISHED WRITING RESTART COORDINATES
WRITING VELOCITIES TO RESTART FILE AT STEP 5400
FINISHED WRITING RESTART VELOCITIES
SMD  5410 37.1504 36.504 53.8373 -238.217 -2.7939 -269.719
SMD  5420 37.1324 36.5547 53.7973 -236.772 -2.77694 -268.082
SMD  5430 37.117 36.5759 53.6562 -231.905 -2.71986 -262.572
SMD  5440 37.1365 36.7067 53.6278 -232.026 -2.72129 -262.709
SMD  5450 37.1047 36.7254 53.5031 -227.228 -2.66501 -257.277
SMD  5460 37.0026 36.8144 53.5045 -224.66 -2.63489 -254.368
SMD  5470 36.938 36.8117 53.3679 -218.443 -2.56198 -247.33
SMD  5480 36.8735 36.7064 53.4397 -219.375 -2.57291 -248.385
SMD  5490 36.8344 36.5861 53.446 -218.816 -2.56636 -247.752
SMD  5500 36.8953 36.5273 53.5226 -223.75 -2.62422 -253.339
ENERGY:    5500      1797.3606      5024.8191      6602.0114         0.0000        -158569.0527     12539.0688         0.0000         0.0000     46117.7282         -86488.0645       432.8909   -132605.7927    -86311.8218       434.1007

WRITING EXTENDED SYSTEM TO RESTART FILE AT STEP 5500
WRITING COORDINATES TO DCD FILE smdcv.cdcd AT STEP 5500
WRITING COORDINATES TO RESTART FILE AT STEP 5500
FINISHED WRITING RESTART COORDINATES
WRITING VELOCITIES TO RESTART FILE AT STEP 5500
FINISHED WRITING RESTART VELOCITIES
SMD  5510 36.7723 36.3911 53.5483 -221.307 -2.59557 -250.573
SMD  5520 36.8403 36.3737 53.6278 -226.57 -2.65729 -256.531
SMD  5530 36.7995 36.3854 53.6408 -226.24 -2.65342 -256.157
SMD  5540 36.8782 36.317 53.5695 -226.614 -2.65781 -256.581
SMD  5550 36.8462 36.4143 53.5309 -224.803 -2.63658 -254.531
SMD  5560 36.7996 36.5269 53.4507 -221.119 -2.59336 -250.36
SMD  5570 36.7614 36.5993 53.419 -219.348 -2.5726 -248.355
SMD  5580 36.776 36.7043 53.3306 -217.245 -2.54793 -245.973
SMD  5590 36.8134 36.6229 53.4254 -222.08 -2.60463 -251.447
SMD  5600 37.0558 36.5461 53.5498 -234.182 -2.74657 -265.15
ENERGY:    5600      1796.1562      4982.5453      6461.6996         0.0000        -150447.4149     13042.7863         0.0000         0.0000     46703.0897         -77461.1377       438.3855   -124164.2275    -77283.4133       434.3299

WRITING EXTENDED SYSTEM TO RESTART FILE AT STEP 5600
WRITING COORDINATES TO DCD FILE smdcv.cdcd AT STEP 5600
WRITING COORDINATES TO RESTART FILE AT STEP 5600
FINISHED WRITING RESTART COORDINATES
WRITING VELOCITIES TO RESTART FILE AT STEP 5600
FINISHED WRITING RESTART VELOCITIES
SMD  5610 37.1035 36.3998 53.6175 -238.375 -2.79575 -269.898
SMD  5620 37.0956 36.332 53.6677 -240.302 -2.81835 -272.079
SMD  5630 37.14 36.3576 53.7384 -244.559 -2.86828 -276.899
SMD  5640 37.0636 36.3901 53.7143 -241.872 -2.83677 -273.857
SMD  5650 37.0659 36.3635 53.744 -243.419 -2.85491 -275.609
SMD  5660 37.0065 36.4428 53.7921 -243.756 -2.85886 -275.99
SMD  5670 37.0722 36.5001 53.755 -244.958 -2.87295 -277.351
SMD  5680 37.0781 36.546 53.7949 -246.989 -2.89678 -279.651
SMD  5690 36.949 36.551 53.73 -241.284 -2.82987 -273.192
SMD  5700 37.0603 36.5181 53.7511 -245.848 -2.88339 -278.359
ENERGY:    5700      1827.1671      5047.9976      6587.6332         0.0000        -135702.1181     12814.3136         0.0000         0.0000     46383.4623         -63041.5445       435.3852   -109425.0067    -62870.6454       435.6755

WRITING EXTENDED SYSTEM TO RESTART FILE AT STEP 5700
WRITING COORDINATES TO DCD FILE smdcv.cdcd AT STEP 5700
WRITING COORDINATES TO RESTART FILE AT STEP 5700
FINISHED WRITING RESTART COORDINATES
WRITING VELOCITIES TO RESTART FILE AT STEP 5700
FINISHED WRITING RESTART VELOCITIES
SMD  5710 37.1723 36.3426 53.7055 -248.082 -2.9096 -280.889
SMD  5720 37.1238 36.2863 53.8175 -250.905 -2.9427 -284.084
SMD  5730 37.0816 36.1238 53.805 -249.592 -2.92731 -282.598
SMD  5740 37.0328 36.1189 53.8479 -250.043 -2.9326 -283.109
SMD  5750 37.0236 36.1488 53.7667 -247.434 -2.902 -280.155
SMD  5760 36.9007 36.1028 53.6678 -240.729 -2.82335 -272.562
SMD  5770 36.8873 36.0768 53.6024 -238.515 -2.7974 -270.057
SMD  5780 36.9086 36.1671 53.6215 -240.314 -2.81849 -272.093
SMD  5790 36.9853 35.998 53.6072 -242.556 -2.84478 -274.631
SMD  5800 37.0003 35.9849 53.5184 -240.406 -2.81957 -272.197
ENERGY:    5800      1833.5285      4957.9154      6491.6100         0.0000        -146758.1110     12667.9538         0.0000         0.0000     46505.1253         -74301.9780       436.5272   -120807.1033    -74127.5516       436.7908

WRITING EXTENDED SYSTEM TO RESTART FILE AT STEP 5800
WRITING COORDINATES TO DCD FILE smdcv.cdcd AT STEP 5800
WRITING COORDINATES TO RESTART FILE AT STEP 5800
FINISHED WRITING RESTART COORDINATES
WRITING VELOCITIES TO RESTART FILE AT STEP 5800
FINISHED WRITING RESTART VELOCITIES
SMD  5810 36.9801 35.9421 53.4761 -238.777 -2.80046 -270.352
SMD  5820 36.9523 36.0127 53.357 -234.314 -2.74811 -265.299
SMD  5830 36.8 36.0908 53.3194 -228.867 -2.68423 -259.132
SMD  5840 36.829 36.1746 53.2424 -227.589 -2.66925 -257.685
SMD  5850 36.8506 36.1672 53.2742 -229.795 -2.69512 -260.183
SMD  5860 36.9788 36.2505 53.3339 -236.247 -2.77079 -267.488
SMD  5870 37.0665 36.2703 53.5043 -245.257 -2.87647 -277.69
SMD  5880 37.1066 36.3332 53.5841 -249.711 -2.9287 -282.733
SMD  5890 37.0399 36.3716 53.5911 -248.396 -2.91328 -281.244
SMD  5900 36.8864 36.3899 53.62 -245.186 -2.87563 -277.609
ENERGY:    5900      1845.9413      5040.0751      6542.0889         0.0000        -151450.5658     12710.8834         0.0000         0.0000     46669.1112         -78642.4659       438.0665   -125311.5771    -78472.4324       437.6773

WRITING EXTENDED SYSTEM TO RESTART FILE AT STEP 5900
WRITING COORDINATES TO DCD FILE smdcv.cdcd AT STEP 5900
WRITING COORDINATES TO RESTART FILE AT STEP 5900
FINISHED WRITING RESTART COORDINATES
WRITING VELOCITIES TO RESTART FILE AT STEP 5900
FINISHED WRITING RESTART VELOCITIES
SMD  5910 36.7479 36.4065 53.5621 -239.439 -2.80822 -271.102
SMD  5920 36.596 36.4092 53.677 -239.237 -2.80586 -270.874
SMD  5930 36.6648 36.4103 53.6642 -241.35 -2.83064 -273.266
SMD  5940 36.5928 36.3281 53.79 -243.926 -2.86086 -276.183
SMD  5950 36.5789 36.3287 53.8317 -245.4 -2.87814 -277.851
SMD  5960 36.6066 36.3654 53.956 -250.999 -2.94381 -284.191
SMD  5970 36.5686 36.3391 53.8318 -246.014 -2.88535 -278.547
SMD  5980 36.579 36.3856 53.8769 -248.36 -2.91285 -281.203
SMD  5990 36.5401 36.3562 53.832 -246.076 -2.88607 -278.617
SMDTITLE: TS   CURRENT_POSITION         FORCE
SMD  6000 36.5487 36.3536 53.719 -242.903 -2.84886 -275.025
TIMING: 6000  CPU: 219.646, 0.0366319/step  Wall: 219.646, 0.0366319/step, 0.447723 hours remaining, 111.406250 MB of memory in use.
ETITLE:      TS           BOND          ANGLE          DIHED          IMPRP               ELECT            VDW       BOUNDARY           MISC        KINETIC               TOTAL           TEMP      POTENTIAL         TOTAL3        TEMPAVG

ENERGY:    6000      1846.1474      5138.8066      6553.7830         0.0000        -146242.9030     12492.2610         0.0000         0.0000     46589.8977         -73622.0073       437.3230   -120211.9050    -73451.8519       437.6319

WRITING EXTENDED SYSTEM TO RESTART FILE AT STEP 6000
WRITING COORDINATES TO DCD FILE smdcv.cdcd AT STEP 6000
WRITING COORDINATES TO RESTART FILE AT STEP 6000
FINISHED WRITING RESTART COORDINATES
WRITING VELOCITIES TO DCD FILE AT STEP 6000
WRITING VELOCITIES TO RESTART FILE AT STEP 6000
FINISHED WRITING RESTART VELOCITIES
SMD  6010 36.4238 36.347 53.6541 -237.322 -2.7834 -268.705
SMD  6020 36.429 36.3282 53.6274 -237.014 -2.77979 -268.357
SMD  6030 36.4038 36.2971 53.5862 -235.273 -2.75937 -266.386
SMD  6040 36.5459 36.1611 53.6531 -242.319 -2.842 -274.363
SMD  6050 36.6742 36.1067 53.7251 -249.146 -2.92208 -282.093
SMD  6060 36.6887 35.9977 53.806 -252.798 -2.9649 -286.227
SMD  6070 36.6097 36.0671 53.9351 -255.331 -2.99461 -289.096
SMD  6080 36.6049 36.1678 53.8868 -254.013 -2.97915 -287.603
SMD  6090 36.6384 36.2671 53.7802 -251.854 -2.95384 -285.159
SMD  6100 36.6323 36.3225 53.8068 -253.064 -2.96802 -286.529
ENERGY:    6100      1874.0659      5058.0875      6563.6492         0.0000        -147817.8054     12669.4249         0.0000         0.0000     46744.7918         -74907.7860       438.7769   -121652.5779    -74732.4703       438.4239

WRITING EXTENDED SYSTEM TO RESTART FILE AT STEP 6100
WRITING COORDINATES TO DCD FILE smdcv.cdcd AT STEP 6100
WRITING COORDINATES TO RESTART FILE AT STEP 6100
FINISHED WRITING RESTART COORDINATES
WRITING VELOCITIES TO RESTART FILE AT STEP 6100
FINISHED WRITING RESTART VELOCITIES
SMD  6110 36.6204 36.2164 53.9471 -257.959 -3.02543 -292.071
SMD  6120 36.6975 36.1343 54.0013 -262.609 -3.07997 -297.336
SMD  6130 36.7425 36.1598 54.0871 -267.402 -3.13619 -302.763
SMD  6140 36.7383 36.2359 54.0989 -268.17 -3.1452 -303.633
LDB: ============= START OF LOAD BALANCING ============== 225.819
LDB: ============== END OF LOAD BALANCING =============== 225.819
LDB: =============== DONE WITH MIGRATION ================ 225.819
SMD  6150 36.6669 36.3465 54.048 -264.74 -3.10496 -299.749
SMD  6160 36.5474 36.4194 54.0557 -261.851 -3.07108 -296.478
SMD  6170 36.5729 36.4648 54.0292 -262.19 -3.07506 -296.862
SMD  6180 36.5617 36.3686 54.0419 -262.712 -3.08119 -297.453
SMD  6190 36.5503 36.352 54.103 -264.929 -3.10719 -299.963
LDB: ============= START OF LOAD BALANCING ============== 227.648
LDB: ============== END OF LOAD BALANCING =============== 227.648
LDB: =============== DONE WITH MIGRATION ================ 227.649
SMD  6200 36.632 36.3748 54.0693 -266.72 -3.12819 -301.991
ENERGY:    6200      1813.0548      5043.0805      6546.5190         0.0000        -146989.1278     12449.7772         0.0000         0.0000     46927.8690         -74208.8273       440.4954   -121136.6962    -74031.0540       438.8767

WRITING EXTENDED SYSTEM TO RESTART FILE AT STEP 6200
WRITING COORDINATES TO DCD FILE smdcv.cdcd AT STEP 6200
WRITING COORDINATES TO RESTART FILE AT STEP 6200
FINISHED WRITING RESTART COORDINATES
WRITING VELOCITIES TO RESTART FILE AT STEP 6200
FINISHED WRITING RESTART VELOCITIES
SMD  6210 36.7116 36.4005 54.0205 -267.933 -3.14242 -303.364
SMD  6220 36.7725 36.4828 54.0545 -271.449 -3.18365 -307.345
SMD  6230 36.7874 36.451 54.0495 -272.177 -3.19219 -308.169
SMD  6240 36.801 36.393 54.0039 -271.46 -3.18378 -307.358
SMD  6250 36.8379 36.415 53.9922 -272.645 -3.19768 -308.699
SMD  6260 36.8297 36.3884 53.973 -272.187 -3.19231 -308.181
SMD  6270 36.8411 36.4114 53.998 -273.864 -3.21198 -310.08
SMD  6280 36.8128 36.4011 53.9612 -272.189 -3.19233 -308.183
SMD  6290 36.8669 36.5032 53.8866 -271.758 -3.18728 -307.696
SMD  6300 36.8258 36.5314 53.843 -269.478 -3.16053 -305.113
ENERGY:    6300      1798.4615      5000.3356      6574.4766         0.0000        -153843.8314     12621.8875         0.0000         0.0000     46949.6745         -80898.9957       440.7001   -127848.6702    -80720.1971       439.3535

WRITING EXTENDED SYSTEM TO RESTART FILE AT STEP 6300
WRITING COORDINATES TO DCD FILE smdcv.cdcd AT STEP 6300
WRITING COORDINATES TO RESTART FILE AT STEP 6300
FINISHED WRITING RESTART COORDINATES
WRITING VELOCITIES TO RESTART FILE AT STEP 6300
FINISHED WRITING RESTART VELOCITIES
SMD  6310 36.7879 36.4696 53.8493 -268.977 -3.15466 -304.546
SMD  6320 36.8363 36.3736 53.7033 -265.845 -3.11793 -301
SMD  6330 36.8616 36.3667 53.6774 -266.181 -3.12187 -301.381
SMD  6340 36.799 36.4418 53.581 -261.437 -3.06623 -296.009
SMD  6350 36.823 36.4642 53.5361 -261.087 -3.06212 -295.613
SMD  6360 36.8153 36.4541 53.4621 -258.756 -3.03478 -292.974
SMD  6370 36.9029 36.5956 53.5187 -263.888 -3.09497 -298.784
SMD  6380 36.8601 36.6232 53.5153 -262.938 -3.08383 -297.709
SMD  6390 36.8702 36.6778 53.4818 -262.568 -3.07949 -297.29
FATAL ERROR: cuda_check_progress polled 1000000 times over 101.328889 s on step 6397
------------- Processor 0 Exiting: Called CmiAbort ------------
Reason: FATAL ERROR: cuda_check_progress polled 1000000 times over 101.328889 s on step 6397

Charm++ fatal error:
FATAL ERROR: cuda_check_progress polled 1000000 times over 101.328889 s on step 6397

[0] Stack Traceback:
  [0:0] _Z8NAMD_diePKc+0x72  [0x631002]
  [0:1] _Z19cuda_check_progressPvd+0x22e  [0x7fc59e]
  [0:2] CcdCallBacks+0x22b  [0xe9a3fb]
  [0:3] CsdScheduler+0x63c  [0xe8e01c]
  [0:4] _ZN9ScriptTcl7Tcl_runEPvP10Tcl_InterpiPPc+0x2b5  [0xc0a8a5]
  [0:5] TclInvokeStringCommand+0x88  [0xf30cf8]
  [0:6]   [0xf33810]
  [0:7]   [0xf34bf6]
  [0:8] Tcl_EvalEx+0x16  [0xf353d6]
  [0:9] Tcl_FSEvalFileEx+0x151  [0xf971e1]
  [0:10] Tcl_EvalFile+0x2e  [0xf9739e]
  [0:11] _ZN9ScriptTcl4loadEPc+0xf  [0xc079ef]
  [0:12] main+0x3d2  [0x636602]
  [0:13] __libc_start_main+0xe6  [0x2b9dc0353bc6]
  [0:14] _ZNSt8ios_base4InitD1Ev+0x52  [0x5928ba]
[0] Stack Traceback:
  [0:0] CmiAbort+0xb9  [0xe83903]
  [0:1] _Z8NAMD_diePKc+0x72  [0x631002]
  [0:2] _Z19cuda_check_progressPvd+0x22e  [0x7fc59e]
  [0:3] CcdCallBacks+0x22b  [0xe9a3fb]
  [0:4] CsdScheduler+0x63c  [0xe8e01c]
  [0:5] _ZN9ScriptTcl7Tcl_runEPvP10Tcl_InterpiPPc+0x2b5  [0xc0a8a5]
  [0:6] TclInvokeStringCommand+0x88  [0xf30cf8]
  [0:7]   [0xf33810]
  [0:8]   [0xf34bf6]
  [0:9] Tcl_EvalEx+0x16  [0xf353d6]
  [0:10] Tcl_FSEvalFileEx+0x151  [0xf971e1]
  [0:11] Tcl_EvalFile+0x2e  [0xf9739e]
  [0:12] _ZN9ScriptTcl4loadEPc+0xf  [0xc079ef]
  [0:13] main+0x3d2  [0x636602]
  [0:14] __libc_start_main+0xe6  [0x2b9dc0353bc6]
  [0:15] _ZNSt8ios_base4InitD1Ev+0x52  [0x5928ba]
